#
# A fatal error has been detected by the Java Runtime Environment:
#
#  EXCEPTION_ACCESS_VIOLATION (0xc0000005) at pc=0x00007ffaaa9fa762, pid=12548, tid=14092
#
# JRE version: OpenJDK Runtime Environment Temurin-21.0.7+6 (21.0.7+6) (build 21.0.7+6-LTS)
# Java VM: OpenJDK 64-Bit Server VM Temurin-21.0.7+6 (21.0.7+6-LTS, mixed mode, sharing, tiered, compressed oops, compressed class ptrs, parallel gc, windows-amd64)
# Problematic frame:
# V  [jvm.dll+0x6da762]
#
# No core dump will be written. Minidumps are not enabled by default on client versions of Windows
#
# If you would like to submit a bug report, please visit:
#   https://github.com/adoptium/adoptium-support/issues
#

---------------  S U M M A R Y ------------

Command Line: --add-modules=ALL-SYSTEM --add-opens=java.base/java.util=ALL-UNNAMED --add-opens=java.base/java.lang=ALL-UNNAMED --add-opens=java.base/sun.nio.fs=ALL-UNNAMED -Declipse.application=org.eclipse.jdt.ls.core.id1 -Dosgi.bundles.defaultStartLevel=4 -Declipse.product=org.eclipse.jdt.ls.core.product -Djava.import.generatesMetadataFilesAtProjectRoot=false -DDetectVMInstallationsJob.disabled=true -Dfile.encoding=utf8 -XX:+UseParallelGC -XX:GCTimeRatio=4 -XX:AdaptiveSizePolicyWeight=90 -Dsun.zip.disableMemoryMapping=true -Xmx2G -Xms100m -Xlog:disable -javaagent:c:\Users\OORNEE MITRA\.vscode\extensions\redhat.java-1.43.1-win32-x64\lombok\lombok-1.18.39-4050.jar -XX:+HeapDumpOnOutOfMemoryError -XX:HeapDumpPath=c:\Users\OORNEE MITRA\AppData\Roaming\Code\User\workspaceStorage\2830fa471c012afa282725be1a945859\redhat.java -Daether.dependencyCollector.impl=bf c:\Users\OORNEE MITRA\.vscode\extensions\redhat.java-1.43.1-win32-x64\server\plugins\org.eclipse.equinox.launcher_1.7.0.v20250519-0528.jar -configuration c:\Users\OORNEE MITRA\AppData\Roaming\Code\User\globalStorage\redhat.java\1.43.1\config_win -data c:\Users\OORNEE MITRA\AppData\Roaming\Code\User\workspaceStorage\2830fa471c012afa282725be1a945859\redhat.java\jdt_ws --pipe=\\.\pipe\lsp-e903c693ad6df2b1006c739ac21646b7-sock

Host: AMD Ryzen 5 3500U with Radeon Vega Mobile Gfx  , 8 cores, 5G,  Windows 11 , 64 bit Build 26100 (10.0.26100.3037)
Time: Sun Jul 20 09:11:37 2025 India Standard Time elapsed time: 1003.266258 seconds (0d 0h 16m 43s)

---------------  T H R E A D  ---------------

Current thread (0x00000230ff21c070):  WorkerThread "GC Thread#6"    [id=14092, stack(0x0000004687900000,0x0000004687a00000) (1024K)]

Stack: [0x0000004687900000,0x0000004687a00000],  sp=0x00000046879ff590,  free space=1021k
Native frames: (J=compiled Java code, j=interpreted, Vv=VM code, C=native code)
V  [jvm.dll+0x6da762]
V  [jvm.dll+0x6d7ee6]
V  [jvm.dll+0x6d879e]
V  [jvm.dll+0x703233]
V  [jvm.dll+0x702928]
V  [jvm.dll+0x706dbd]
V  [jvm.dll+0x85c23f]
V  [jvm.dll+0x70a733]
V  [jvm.dll+0x8d6377]
V  [jvm.dll+0x851f6b]
V  [jvm.dll+0x6cc7dd]
C  [ucrtbase.dll+0x37b0]
C  [KERNEL32.DLL+0x2e8d7]
C  [ntdll.dll+0xbbf2c]


siginfo: EXCEPTION_ACCESS_VIOLATION (0xc0000005), reading address 0xffffffffffffffff


Registers:
RAX=0x00000230b5680000, RBX=0x000000008e4ab8f8, RCX=0x000000000000001e, RDX=0x01a0000001c9571e
RSP=0x00000046879ff590, RBP=0x00000046879ff670, RSI=0x000000008e4ab8f8, RDI=0x00000230b7b9d750
R8 =0x00340230b5a12ae0, R9 =0x00000230b3a12ae0, R10=0x0000000000000001, R11=0x01a0000000000000
R12=0x00007ffaaaf58140, R13=0x00000046879ff818, R14=0x00000230b800e9d0, R15=0x000000008e4ab8e0
RIP=0x00007ffaaa9fa762, EFLAGS=0x0000000000010216

XMM[0]=0x00007ffa00000800 0x000000009d3a3010
XMM[1]=0x0000000000000000 0x00000046887ff530
XMM[2]=0x0000000000000000 0x0000000000000000
XMM[3]=0x0000000000000000 0x0000000000000000
XMM[4]=0x0000000000000000 0x0000000000000000
XMM[5]=0x0000000000000000 0x0000000000000000
XMM[6]=0x0000000000000000 0x0000000000000000
XMM[7]=0x0000000000000000 0x0000000000000000
XMM[8]=0x0000000000000000 0x0000000000000000
XMM[9]=0x0000000000000000 0x0000000000000000
XMM[10]=0x0000000000000000 0x0000000000000000
XMM[11]=0x0000000000000000 0x0000000000000000
XMM[12]=0x0000000000000000 0x0000000000000000
XMM[13]=0x0000000000000000 0x0000000000000000
XMM[14]=0x0000000000000000 0x0000000000000000
XMM[15]=0x0000000000000000 0x0000000000000000
  MXCSR=0x00001fa0


Register to memory mapping:

RAX=0x00000230b5680000 points into unknown readable memory: 0x0449494928000004 | 04 00 00 28 49 49 49 04
RBX=0x000000008e4ab8f8 points into unknown readable memory: 0x0000000000000009 | 09 00 00 00 00 00 00 00
RCX=0x000000000000001e is an unknown value
RDX=0x01a0000001c9571e is an unknown value
RSP=0x00000046879ff590 points into unknown readable memory: 0x000000008e4ab8e0 | e0 b8 4a 8e 00 00 00 00
RBP=0x00000046879ff670 points into unknown readable memory: 0x00007ffaaadab460 | 60 b4 da aa fa 7f 00 00
RSI=0x000000008e4ab8f8 points into unknown readable memory: 0x0000000000000009 | 09 00 00 00 00 00 00 00
RDI=0x00000230b7b9d750 points into unknown readable memory: 0x00000230a1280340 | 40 03 28 a1 30 02 00 00
R8 =0x00340230b5a12ae0 is an unknown value
R9 =0x00000230b3a12ae0 points into unknown readable memory: 0x8024448891091001 | 01 10 09 91 88 44 24 80
R10=0x0000000000000001 is an unknown value
R11=0x01a0000000000000 is an unknown value
R12=0x00007ffaaaf58140 jvm.dll
R13=0x00000046879ff818 points into unknown readable memory: 0x00007ffaaadabeb0 | b0 be da aa fa 7f 00 00
R14={method} {0x00000230b800e9d8} 'equals' '(Ljava/lang/Object;)Z' in 'java/lang/String'
R15=0x000000008e4ab8e0 is an oop: java.lang.String 
{0x000000008e4ab8e0} - klass: 'java/lang/String'
 - ---- fields (total size 3 words):
 - private 'hash' 'I' @12  -738295693 (0xd3fe8073)
 - private final 'coder' 'B' @16  0 (0x00)
 - private 'hashIsZero' 'Z' @17  false (0x00)
 - injected 'flags' 'B' @18  0 (0x00)
 - private final 'value' '[B' @20  
[error occurred during error reporting (printing register info), id 0xc0000005, EXCEPTION_ACCESS_VIOLATION (0xc0000005) at pc=0x0000000000000000]

Top of Stack: (sp=0x00000046879ff590)
0x00000046879ff590:   000000008e4ab8e0 00000230b7b9d750
0x00000046879ff5a0:   00000046879ff670 00007ffaaa9f96f9
0x00000046879ff5b0:   000000008e4ab8f8 00007ffaaa9f7ee6
0x00000046879ff5c0:   0000023082a472b8 00007ffaaa9fa79a
0x00000046879ff5d0:   000000008e630998 000000008e630994
0x00000046879ff5e0:   00000230b800e9c8 00007ffaaa9f879e
0x00000046879ff5f0:   000000008e4ab8f4 00007ffaaaa22768
0x00000046879ff600:   0000000000000000 00007ffaaaf58140
0x00000046879ff610:   00007ffaaadab460 0000000000000000
0x00000046879ff620:   000000008e4ab8e0 00007ffaaaa23233
0x00000046879ff630:   00000000000011ff 00000230b7b9d750
0x00000046879ff640:   00007ffaaad0a4e0 0000000000000000
0x00000046879ff650:   0000000000000000 0000000000000000
0x00000046879ff660:   0000000000000000 0000000000000000
0x00000046879ff670:   00007ffaaadab460 00000230a11e2090
0x00000046879ff680:   ffffffff00000004 00000230b7b9d750
0x00000046879ff690:   00000230fa956ce0 00000230fa749228
0x00000046879ff6a0:   00000000000003d8 0000000000000000
0x00000046879ff6b0:   00000230fa748e40 00007ffaaaa22928
0x00000046879ff6c0:   00000230fa956ce0 00000046879ff740
0x00000046879ff6d0:   00000230ff333a60 00000230b7b9d750
0x00000046879ff6e0:   00000046879ff730 00000046879ff740
0x00000046879ff6f0:   0000000000000000 0000000000000000
0x00000046879ff700:   00000230fa748e50 00007ffaaaa26dbd
0x00000046879ff710:   00000230b7b9d750 00000230fa748e40
0x00000046879ff720:   00000230ff333a60 00000230b7b9d750
0x00000046879ff730:   00007ffaaadabcd0 00000230b7b9d750
0x00000046879ff740:   00007ffaaad48c68 00000046879ff730
0x00000046879ff750:   0000000000000000 00007ffaaaa2e301
0x00000046879ff760:   0000000000000001 00000230fa956ce0
0x00000046879ff770:   00000046868fe950 00000230b7b9d750
0x00000046879ff780:   0000023081e250c0 00007ffaaab7c23f 

Instructions: (pc=0x00007ffaaa9fa762)
0x00007ffaaa9fa662:   4c 8b c6 48 2b cb 48 ff c1 48 03 f9 48 8d 50 01
0x00007ffaaa9fa672:   49 8d 4e 10 e8 15 f9 ff ff 48 8b d8 48 3b c5 72
0x00007ffaaa9fa682:   cd 8b 0d a3 fa 54 00 48 8b 5c 24 40 48 8b 6c 24
0x00007ffaaa9fa692:   48 48 8b 74 24 50 48 d3 e7 48 8b c7 48 83 c4 20
0x00007ffaaa9fa6a2:   41 5f 41 5e 5f c3 cc cc cc cc cc cc cc cc 40 53
0x00007ffaaa9fa6b2:   48 83 ec 20 48 8b d9 e8 82 1d 93 ff 8b 0d 68 fa
0x00007ffaaa9fa6c2:   54 00 4c 8b c3 4c 2b 05 22 8b 5d 00 41 ba 01 00
0x00007ffaaa9fa6d2:   00 00 49 c1 e8 03 4c 8b d8 49 d3 e8 48 8b 0d 1b
0x00007ffaaa9fa6e2:   8b 5d 00 49 8b d0 48 c1 ea 06 48 8b 04 d1 4c 8d
0x00007ffaaa9fa6f2:   0c d1 41 0f b6 c8 41 8b d2 80 e1 3f 48 d3 e2 48
0x00007ffaaa9fa702:   8b c8 48 0b ca 48 3b c8 74 16 0f 1f 40 00 f0 49
0x00007ffaaa9fa712:   0f b1 09 74 13 48 8b c8 48 0b ca 48 3b c8 75 ee
0x00007ffaaa9fa722:   32 c0 48 83 c4 20 5b c3 8b 0d fc f9 54 00 4a 8d
0x00007ffaaa9fa732:   14 dd 00 00 00 00 48 2b 15 b1 8a 5d 00 48 8b 05
0x00007ffaaa9fa742:   ca 8a 5d 00 48 83 c2 f8 48 03 d3 48 c1 ea 03 48
0x00007ffaaa9fa752:   d3 ea 48 8b ca 48 c1 e9 06 4c 8d 04 c8 0f b6 ca
0x00007ffaaa9fa762:   49 8b 00 80 e1 3f 49 d3 e2 48 8b c8 49 0b ca 48
0x00007ffaaa9fa772:   3b c8 74 12 f0 49 0f b1 08 74 0b 48 8b c8 49 0b
0x00007ffaaa9fa782:   ca 48 3b c8 75 ee 4d 8b c3 48 8d 0d 9e 8a 5d 00
0x00007ffaaa9fa792:   48 8b d3 e8 56 af 02 00 80 3d 81 fe 54 00 00 74
0x00007ffaaa9fa7a2:   15 8b 43 08 8b 0d 0c e8 54 00 48 d3 e0 48 03 05
0x00007ffaaa9fa7b2:   fa e7 54 00 eb 04 48 8b 43 08 83 78 0c 04 75 17
0x00007ffaaa9fa7c2:   48 63 05 0f 14 5b 00 0f b6 04 18 a8 08 75 08 48
0x00007ffaaa9fa7d2:   8b cb e8 87 5c 0c 00 b0 01 48 83 c4 20 5b c3 cc
0x00007ffaaa9fa7e2:   cc cc cc cc cc cc cc cc cc cc cc cc cc cc 48 89
0x00007ffaaa9fa7f2:   5c 24 08 48 89 7c 24 10 4c 8b d9 4c 8b d2 4c 2b
0x00007ffaaa9fa802:   11 48 8b da 8b 0d 20 f9 54 00 49 8b f8 49 c1 ea
0x00007ffaaa9fa812:   03 49 8b 43 10 49 d3 ea 41 0f b6 ca 4d 8b ca 80
0x00007ffaaa9fa822:   e1 3f 49 c1 e9 06 4e 8d 04 c8 41 b9 01 00 00 00
0x00007ffaaa9fa832:   49 8b 00 41 8b d1 48 d3 e2 48 8b c8 48 0b ca 48
0x00007ffaaa9fa842:   3b c8 74 12 f0 49 0f b1 08 74 18 48 8b c8 48 0b
0x00007ffaaa9fa852:   ca 48 3b c8 75 ee 32 c0 48 8b 5c 24 08 48 8b 7c 


Stack slot to memory mapping:

stack at sp + 0 slots: 0x000000008e4ab8e0 is an oop: java.lang.String 
{0x000000008e4ab8e0} - klass: 'java/lang/String'
 - ---- fields (total size 3 words):
 - private 'hash' 'I' @12  -738295693 (0xd3fe8073)
 - private final 'coder' 'B' @16  0 (0x00)
 - private 'hashIsZero' 'Z' @17  false (0x00)
 - injected 'flags' 'B' @18  0 (0x00)
 - private final 'value' '[B' @20  
[error occurred during error reporting (inspecting top of stack), id 0xc0000005, EXCEPTION_ACCESS_VIOLATION (0xc0000005) at pc=0x0000000000000000]
stack at sp + 1 slots: 0x00000230b7b9d750 points into unknown readable memory: 0x00000230a1280340 | 40 03 28 a1 30 02 00 00
stack at sp + 2 slots: 0x00000046879ff670 points into unknown readable memory: 0x00007ffaaadab460 | 60 b4 da aa fa 7f 00 00
stack at sp + 3 slots: 0x00007ffaaa9f96f9 jvm.dll
stack at sp + 4 slots: 0x000000008e4ab8f8 points into unknown readable memory: 0x0000000000000009 | 09 00 00 00 00 00 00 00
stack at sp + 5 slots: 0x00007ffaaa9f7ee6 jvm.dll
stack at sp + 6 slots: 0x0000023082a472b8 points into unknown readable memory: 0x0000000080ffbf78 | 78 bf ff 80 00 00 00 00
stack at sp + 7 slots: 0x00007ffaaa9fa79a jvm.dll


---------------  P R O C E S S  ---------------

Threads class SMR info:
_java_thread_list=0x000002308b462f20, length=50, elements={
0x00000230a11db810, 0x00000230a129b810, 0x00000230b7c43f70, 0x00000230b7c466f0,
0x00000230b7c49250, 0x00000230b7c4d380, 0x00000230b7c49ca0, 0x00000230b7c4aad0,
0x00000230fa5acb60, 0x00000230fa640030, 0x00000230fa896360, 0x00000230ff6b5dc0,
0x00000230ff78fe00, 0x00000230ff038500, 0x00000230ff0350c0, 0x00000230ff13be90,
0x00000230ff1d47f0, 0x00000230fa955fc0, 0x00000230fa954580, 0x00000230fa954c10,
0x00000230fa956ce0, 0x0000023081f74080, 0x0000023081f74710, 0x0000023081f71fb0,
0x0000023081f72cd0, 0x0000023081f739f0, 0x0000023081f74da0, 0x0000023081f75430,
0x0000023081f75ac0, 0x0000023081f72640, 0x0000023081f767e0, 0x0000023081f77500,
0x0000023081f76150, 0x0000023081f76e70, 0x00000230825dccf0, 0x00000230825d9f00,
0x00000230825d9870, 0x00000230825db940, 0x00000230825dbfd0, 0x00000230825dd380,
0x00000230ff50ed40, 0x00000230ff50e6b0, 0x00000230ff50fa60, 0x00000230ff5100f0,
0x00000230ff510e10, 0x00000230ff513c00, 0x00000230825dda10, 0x00000230ff510780,
0x00000230ff50e020, 0x00000230fa9552a0
}

Java Threads: ( => current thread )
  0x00000230a11db810 JavaThread "main"                              [_thread_blocked, id=15196, stack(0x0000004686500000,0x0000004686600000) (1024K)]
  0x00000230a129b810 JavaThread "Reference Handler"          daemon [_thread_blocked, id=19432, stack(0x0000004686900000,0x0000004686a00000) (1024K)]
  0x00000230b7c43f70 JavaThread "Finalizer"                  daemon [_thread_blocked, id=10988, stack(0x0000004686a00000,0x0000004686b00000) (1024K)]
  0x00000230b7c466f0 JavaThread "Signal Dispatcher"          daemon [_thread_blocked, id=5044, stack(0x0000004686b00000,0x0000004686c00000) (1024K)]
  0x00000230b7c49250 JavaThread "Attach Listener"            daemon [_thread_blocked, id=19380, stack(0x0000004686c00000,0x0000004686d00000) (1024K)]
  0x00000230b7c4d380 JavaThread "Service Thread"             daemon [_thread_blocked, id=17180, stack(0x0000004686d00000,0x0000004686e00000) (1024K)]
  0x00000230b7c49ca0 JavaThread "Monitor Deflation Thread"   daemon [_thread_blocked, id=18972, stack(0x0000004686e00000,0x0000004686f00000) (1024K)]
  0x00000230b7c4aad0 JavaThread "C2 CompilerThread0"         daemon [_thread_blocked, id=3784, stack(0x0000004686f00000,0x0000004687000000) (1024K)]
  0x00000230fa5acb60 JavaThread "C1 CompilerThread0"         daemon [_thread_blocked, id=5364, stack(0x0000004687000000,0x0000004687100000) (1024K)]
  0x00000230fa640030 JavaThread "Common-Cleaner"             daemon [_thread_blocked, id=5900, stack(0x0000004687100000,0x0000004687200000) (1024K)]
  0x00000230fa896360 JavaThread "Notification Thread"        daemon [_thread_blocked, id=13204, stack(0x0000004687200000,0x0000004687300000) (1024K)]
  0x00000230ff6b5dc0 JavaThread "Active Thread: Equinox Container: 84d51fdc-2461-46b9-88d1-7c83ec41b992"        [_thread_blocked, id=18708, stack(0x0000004687a00000,0x0000004687b00000) (1024K)]
  0x00000230ff78fe00 JavaThread "Refresh Thread: Equinox Container: 84d51fdc-2461-46b9-88d1-7c83ec41b992" daemon [_thread_blocked, id=6964, stack(0x0000004687b00000,0x0000004687c00000) (1024K)]
  0x00000230ff038500 JavaThread "Framework Event Dispatcher: Equinox Container: 84d51fdc-2461-46b9-88d1-7c83ec41b992" daemon [_thread_blocked, id=3252, stack(0x0000004687c00000,0x0000004687d00000) (1024K)]
  0x00000230ff0350c0 JavaThread "Start Level: Equinox Container: 84d51fdc-2461-46b9-88d1-7c83ec41b992" daemon [_thread_blocked, id=2368, stack(0x0000004687d00000,0x0000004687e00000) (1024K)]
  0x00000230ff13be90 JavaThread "Bundle File Closer"         daemon [_thread_blocked, id=10808, stack(0x0000004687f00000,0x0000004688000000) (1024K)]
  0x00000230ff1d47f0 JavaThread "SCR Component Actor"        daemon [_thread_blocked, id=1128, stack(0x0000004686300000,0x0000004686400000) (1024K)]
  0x00000230fa955fc0 JavaThread "Worker-JM"                         [_thread_blocked, id=9756, stack(0x0000004688000000,0x0000004688100000) (1024K)]
  0x00000230fa954580 JavaThread "JNA Cleaner"                daemon [_thread_blocked, id=10676, stack(0x0000004688100000,0x0000004688200000) (1024K)]
  0x00000230fa954c10 JavaThread "Worker-0"                          [_thread_blocked, id=14636, stack(0x0000004688200000,0x0000004688300000) (1024K)]
  0x00000230fa956ce0 JavaThread "Java indexing"              daemon [_thread_blocked, id=7964, stack(0x0000004688700000,0x0000004688800000) (1024K)]
  0x0000023081f74080 JavaThread "Worker-5"                          [_thread_blocked, id=5640, stack(0x0000004688b00000,0x0000004688c00000) (1024K)]
  0x0000023081f74710 JavaThread "Thread-2"                   daemon [_thread_in_native, id=4252, stack(0x0000004688c00000,0x0000004688d00000) (1024K)]
  0x0000023081f71fb0 JavaThread "Thread-3"                   daemon [_thread_in_native, id=7140, stack(0x0000004688d00000,0x0000004688e00000) (1024K)]
  0x0000023081f72cd0 JavaThread "Thread-4"                   daemon [_thread_in_native, id=4056, stack(0x0000004688e00000,0x0000004688f00000) (1024K)]
  0x0000023081f739f0 JavaThread "Thread-5"                   daemon [_thread_in_native, id=9516, stack(0x0000004688f00000,0x0000004689000000) (1024K)]
  0x0000023081f74da0 JavaThread "Thread-6"                   daemon [_thread_in_native, id=15940, stack(0x0000004689000000,0x0000004689100000) (1024K)]
  0x0000023081f75430 JavaThread "Thread-7"                   daemon [_thread_blocked, id=18436, stack(0x0000004689100000,0x0000004689200000) (1024K)]
  0x0000023081f75ac0 JavaThread "Thread-8"                   daemon [_thread_in_native, id=18440, stack(0x0000004689200000,0x0000004689300000) (1024K)]
  0x0000023081f72640 JavaThread "Thread-9"                   daemon [_thread_in_native, id=11144, stack(0x0000004689300000,0x0000004689400000) (1024K)]
  0x0000023081f767e0 JavaThread "Thread-10"                  daemon [_thread_in_native, id=14136, stack(0x0000004689400000,0x0000004689500000) (1024K)]
  0x0000023081f77500 JavaThread "pool-2-thread-1"                   [_thread_blocked, id=14608, stack(0x0000004689600000,0x0000004689700000) (1024K)]
  0x0000023081f76150 JavaThread "WorkspaceEventsHandler"            [_thread_blocked, id=12956, stack(0x0000004689800000,0x0000004689900000) (1024K)]
  0x0000023081f76e70 JavaThread "pool-1-thread-1"                   [_thread_blocked, id=2072, stack(0x0000004689900000,0x0000004689a00000) (1024K)]
  0x00000230825dccf0 JavaThread "Compiler Source File Reader" daemon [_thread_blocked, id=10132, stack(0x000000468a100000,0x000000468a200000) (1024K)]
  0x00000230825d9f00 JavaThread "Compiler Source File Reader" daemon [_thread_blocked, id=10096, stack(0x000000468a200000,0x000000468a300000) (1024K)]
  0x00000230825d9870 JavaThread "Compiler Source File Reader" daemon [_thread_blocked, id=5100, stack(0x000000468a300000,0x000000468a400000) (1024K)]
  0x00000230825db940 JavaThread "Compiler Source File Reader" daemon [_thread_blocked, id=7192, stack(0x000000468a400000,0x000000468a500000) (1024K)]
  0x00000230825dbfd0 JavaThread "Compiler Source File Reader" daemon [_thread_blocked, id=17376, stack(0x000000468a500000,0x000000468a600000) (1024K)]
  0x00000230825dd380 JavaThread "Compiler Source File Reader" daemon [_thread_blocked, id=9356, stack(0x000000468a600000,0x000000468a700000) (1024K)]
  0x00000230ff50ed40 JavaThread "ForkJoinPool.commonPool-worker-1" daemon [_thread_blocked, id=16156, stack(0x000000468ae00000,0x000000468af00000) (1024K)]
  0x00000230ff50e6b0 JavaThread "ForkJoinPool.commonPool-worker-2" daemon [_thread_blocked, id=14164, stack(0x000000468af00000,0x000000468b000000) (1024K)]
  0x00000230ff50fa60 JavaThread "ForkJoinPool.commonPool-worker-3" daemon [_thread_blocked, id=5060, stack(0x0000004688600000,0x0000004688700000) (1024K)]
  0x00000230ff5100f0 JavaThread "ForkJoinPool.commonPool-worker-4" daemon [_thread_blocked, id=18820, stack(0x000000468b000000,0x000000468b100000) (1024K)]
  0x00000230ff510e10 JavaThread "ForkJoinPool.commonPool-worker-6" daemon [_thread_blocked, id=9608, stack(0x000000468b200000,0x000000468b300000) (1024K)]
  0x00000230ff513c00 JavaThread "Cleaner-0"                  daemon [_thread_blocked, id=14652, stack(0x0000004687e00000,0x0000004687f00000) (1024K)]
  0x00000230825dda10 JavaThread "Worker-9"                          [_thread_blocked, id=5672, stack(0x0000004686200000,0x0000004686300000) (1024K)]
  0x00000230ff510780 JavaThread "Compiler Processing Task"   daemon [_thread_blocked, id=15852, stack(0x0000004686400000,0x0000004686500000) (1024K)]
  0x00000230ff50e020 JavaThread "Worker-10"                         [_thread_blocked, id=15164, stack(0x0000004688300000,0x0000004688400000) (1024K)]
  0x00000230fa9552a0 JavaThread "ForkJoinPool.commonPool-worker-8" daemon [_thread_blocked, id=17920, stack(0x0000004688400000,0x0000004688500000) (1024K)]
Total: 50

Other Threads:
  0x00000230b7c413e0 VMThread "VM Thread"                           [id=18720, stack(0x0000004686800000,0x0000004686900000) (1024K)]
  0x00000230b7b5ca00 WatcherThread "VM Periodic Task Thread"        [id=9160, stack(0x0000004686700000,0x0000004686800000) (1024K)]
  0x00000230a11fbb90 WorkerThread "GC Thread#0"                     [id=18556, stack(0x0000004686600000,0x0000004686700000) (1024K)]
  0x00000230ff21b590 WorkerThread "GC Thread#1"                     [id=13040, stack(0x0000004687400000,0x0000004687500000) (1024K)]
  0x00000230ff21ae50 WorkerThread "GC Thread#2"                     [id=11252, stack(0x0000004687500000,0x0000004687600000) (1024K)]
  0x00000230ff21aab0 WorkerThread "GC Thread#3"                     [id=2780, stack(0x0000004687600000,0x0000004687700000) (1024K)]
  0x00000230ff21b1f0 WorkerThread "GC Thread#4"                     [id=16780, stack(0x0000004687700000,0x0000004687800000) (1024K)]
  0x00000230ff21bcd0 WorkerThread "GC Thread#5"                     [id=14180, stack(0x0000004687800000,0x0000004687900000) (1024K)]
=>0x00000230ff21c070 WorkerThread "GC Thread#6"                     [id=14092, stack(0x0000004687900000,0x0000004687a00000) (1024K)]
  0x00000230ff21c410 WorkerThread "GC Thread#7"                     [id=8888, stack(0x0000004687300000,0x0000004687400000) (1024K)]
Total: 10

Threads with active compile tasks:
Total: 0

VM state: at safepoint (normal execution)

VM Mutex/Monitor currently owned by a thread:  ([mutex/lock_event])
[0x00007ffaaafce308] Threads_lock - owner thread: 0x00000230b7c413e0
[0x00007ffaaafce408] Heap_lock - owner thread: 0x00000230fa956ce0

Heap address: 0x0000000080000000, size: 2048 MB, Compressed Oops mode: 32-bit

CDS archive(s) mapped at: [0x00000230b8000000-0x00000230b8ba0000-0x00000230b8ba0000), size 12189696, SharedBaseAddress: 0x00000230b8000000, ArchiveRelocationMode: 1.
Compressed class space mapped at: 0x00000230b9000000-0x00000230f9000000, reserved size: 1073741824
Narrow klass base: 0x00000230b8000000, Narrow klass shift: 0, Narrow klass range: 0x100000000

GC Precious Log:
 CardTable entry size: 512
 CPUs: 8 total, 8 available
 Memory: 6055M
 Large Page Support: Disabled
 NUMA Support: Disabled
 Compressed Oops: Enabled (32-bit)
 Alignments: Space 512K, Generation 512K, Heap 2M
 Heap Min Capacity: 100M
 Heap Initial Capacity: 100M
 Heap Max Capacity: 2G
 Pre-touch: Disabled
 Parallel Workers: 8

Heap:
 PSYoungGen      total 4608K, used 4352K [0x00000000d5580000, 0x00000000d5b80000, 0x0000000100000000)
  eden space 4096K, 100% used [0x00000000d5580000,0x00000000d5980000,0x00000000d5980000)
  from space 512K, 50% used [0x00000000d5b00000,0x00000000d5b40000,0x00000000d5b80000)
  to   space 512K, 95% used [0x00000000d5a80000,0x00000000d5afa390,0x00000000d5b00000)
 ParOldGen       total 1398272K, used 1398271K [0x0000000080000000, 0x00000000d5580000, 0x00000000d5580000)
  object space 1398272K, 99% used [0x0000000080000000,0x00000000d557fca8,0x00000000d5580000)
 Metaspace       used 86878K, committed 88512K, reserved 1179648K
  class space    used 8447K, committed 9216K, reserved 1048576K

Card table byte_map: [0x00000230a0bb0000,0x00000230a0fc0000] _byte_map_base: 0x00000230a07b0000

Marking Bits: (ParMarkBitMap*) 0x00007ffaaafd31f0
 Begin Bits: [0x00000230b3680000, 0x00000230b5680000)
 End Bits:   [0x00000230b5680000, 0x00000230b7680000)

Polling page: 0x00000230a09a0000

Metaspace:

Usage:
  Non-class:     76.59 MB used.
      Class:      8.25 MB used.
       Both:     84.84 MB used.

Virtual space:
  Non-class space:      128.00 MB reserved,      77.44 MB ( 60%) committed,  2 nodes.
      Class space:        1.00 GB reserved,       9.00 MB ( <1%) committed,  1 nodes.
             Both:        1.12 GB reserved,      86.44 MB (  8%) committed. 

Chunk freelists:
   Non-Class:  2.45 MB
       Class:  6.94 MB
        Both:  9.39 MB

MaxMetaspaceSize: unlimited
CompressedClassSpaceSize: 1.00 GB
Initial GC threshold: 21.00 MB
Current GC threshold: 139.06 MB
CDS: on
 - commit_granule_bytes: 65536.
 - commit_granule_words: 8192.
 - virtual_space_node_default_size: 8388608.
 - enlarge_chunks_in_place: 1.
 - use_allocation_guard: 0.


Internal statistics:

num_allocs_failed_limit: 11.
num_arena_births: 1656.
num_arena_deaths: 40.
num_vsnodes_births: 3.
num_vsnodes_deaths: 0.
num_space_committed: 1383.
num_space_uncommitted: 0.
num_chunks_returned_to_freelist: 58.
num_chunks_taken_from_freelist: 6098.
num_chunk_merges: 12.
num_chunk_splits: 3524.
num_chunks_enlarged: 1749.
num_inconsistent_stats: 0.

CodeHeap 'non-profiled nmethods': size=120000Kb used=25957Kb max_used=25957Kb free=94042Kb
 bounds [0x00000230abea0000, 0x00000230ad800000, 0x00000230b33d0000]
CodeHeap 'profiled nmethods': size=120000Kb used=50019Kb max_used=50019Kb free=69980Kb
 bounds [0x00000230a43d0000, 0x00000230a74c0000, 0x00000230ab900000]
CodeHeap 'non-nmethods': size=5760Kb used=1522Kb max_used=1666Kb free=4237Kb
 bounds [0x00000230ab900000, 0x00000230abb70000, 0x00000230abea0000]
 total_blobs=20288 nmethods=19453 adapters=738
 compilation: enabled
              stopped_count=0, restarted_count=0
 full_count=0

Compilation events (20 events):
Event: 1002.729 Thread 0x00000230fa5acb60 24426       3       org.eclipse.lsp4j.WillSaveTextDocumentParams::<init> (5 bytes)
Event: 1002.729 Thread 0x00000230fa5acb60 nmethod 24426 0x00000230a74ac110 code [0x00000230a74ac2c0, 0x00000230a74ac428]
Event: 1002.730 Thread 0x00000230fa5acb60 24427       1       org.eclipse.jdt.ls.core.internal.preferences.Preferences::isJavaSaveActionsOrganizeImportsEnabled (5 bytes)
Event: 1002.730 Thread 0x00000230fa5acb60 nmethod 24427 0x00000230ad7f9490 code [0x00000230ad7f9620, 0x00000230ad7f96f0]
Event: 1002.853 Thread 0x00000230fa5acb60 24428       3       java.lang.invoke.MethodHandle$1::apply (9 bytes)
Event: 1002.853 Thread 0x00000230fa5acb60 nmethod 24428 0x00000230a74ac510 code [0x00000230a74ac6e0, 0x00000230a74ac9a8]
Event: 1002.853 Thread 0x00000230fa5acb60 24429       3       java.lang.invoke.MethodHandle$1::apply (9 bytes)
Event: 1002.853 Thread 0x00000230fa5acb60 nmethod 24429 0x00000230a74acb10 code [0x00000230a74accc0, 0x00000230a74ace20]
Event: 1002.853 Thread 0x00000230fa5acb60 24430       3       java.lang.invoke.LambdaForm::customize (59 bytes)
Event: 1002.854 Thread 0x00000230fa5acb60 nmethod 24430 0x00000230a74acf10 code [0x00000230a74ad0e0, 0x00000230a74ad368]
Event: 1002.856 Thread 0x00000230fa5acb60 24431       3       org.eclipse.jdt.internal.core.JavaProject::resource (5 bytes)
Event: 1002.856 Thread 0x00000230fa5acb60 nmethod 24431 0x00000230a55e2290 code [0x00000230a55e2420, 0x00000230a55e2530]
Event: 1002.856 Thread 0x00000230fa5acb60 24432       3       org.eclipse.jdt.internal.core.ExternalAnnotationTracker::resourceChanged (105 bytes)
Event: 1002.859 Thread 0x00000230fa5acb60 nmethod 24432 0x00000230a74ad490 code [0x00000230a74ad6e0, 0x00000230a74ae018]
Event: 1002.859 Thread 0x00000230fa5acb60 24433   !   3       org.eclipse.debug.internal.core.LaunchManager::resourceChanged (66 bytes)
Event: 1002.863 Thread 0x00000230fa5acb60 nmethod 24433 0x00000230a74ae390 code [0x00000230a74ae620, 0x00000230a74af118]
Event: 1002.863 Thread 0x00000230fa5acb60 24434       3       org.eclipse.debug.internal.core.LaunchManager::getDeltaVisitor (24 bytes)
Event: 1002.863 Thread 0x00000230fa5acb60 nmethod 24434 0x00000230a74af610 code [0x00000230a74af7c0, 0x00000230a74afa48]
Event: 1002.900 Thread 0x00000230fa5acb60 24435       3       org.eclipse.jdt.internal.compiler.ast.ParameterizedSingleTypeReference::getParameterizedTypeName (169 bytes)
Event: 1002.901 Thread 0x00000230fa5acb60 nmethod 24435 0x00000230a74afb90 code [0x00000230a74afe40, 0x00000230a74b0b10]

GC Heap History (20 events):
Event: 1000.741 GC heap after
{Heap after GC invocations=3109 (full 5):
 PSYoungGen      total 5632K, used 1347K [0x00000000d5580000, 0x00000000d5d00000, 0x0000000100000000)
  eden space 4096K, 0% used [0x00000000d5580000,0x00000000d5580000,0x00000000d5980000)
  from space 1536K, 87% used [0x00000000d5b80000,0x00000000d5cd0c10,0x00000000d5d00000)
  to   space 1536K, 0% used [0x00000000d5a00000,0x00000000d5a00000,0x00000000d5b80000)
 ParOldGen       total 1396736K, used 1396446K [0x0000000080000000, 0x00000000d5400000, 0x00000000d5580000)
  object space 1396736K, 99% used [0x0000000080000000,0x00000000d53b7b88,0x00000000d5400000)
 Metaspace       used 86849K, committed 88512K, reserved 1179648K
  class space    used 8444K, committed 9216K, reserved 1048576K
}
Event: 1000.756 GC heap before
{Heap before GC invocations=3110 (full 5):
 PSYoungGen      total 5632K, used 5443K [0x00000000d5580000, 0x00000000d5d00000, 0x0000000100000000)
  eden space 4096K, 100% used [0x00000000d5580000,0x00000000d5980000,0x00000000d5980000)
  from space 1536K, 87% used [0x00000000d5b80000,0x00000000d5cd0c10,0x00000000d5d00000)
  to   space 1536K, 0% used [0x00000000d5a00000,0x00000000d5a00000,0x00000000d5b80000)
 ParOldGen       total 1396736K, used 1396446K [0x0000000080000000, 0x00000000d5400000, 0x00000000d5580000)
  object space 1396736K, 99% used [0x0000000080000000,0x00000000d53b7b88,0x00000000d5400000)
 Metaspace       used 86849K, committed 88512K, reserved 1179648K
  class space    used 8444K, committed 9216K, reserved 1048576K
}
Event: 1000.759 GC heap after
{Heap after GC invocations=3110 (full 5):
 PSYoungGen      total 5632K, used 1507K [0x00000000d5580000, 0x00000000d5d80000, 0x0000000100000000)
  eden space 4096K, 0% used [0x00000000d5580000,0x00000000d5580000,0x00000000d5980000)
  from space 1536K, 98% used [0x00000000d5a00000,0x00000000d5b78c10,0x00000000d5b80000)
  to   space 2048K, 0% used [0x00000000d5b80000,0x00000000d5b80000,0x00000000d5d80000)
 ParOldGen       total 1396736K, used 1396733K [0x0000000080000000, 0x00000000d5400000, 0x00000000d5580000)
  object space 1396736K, 99% used [0x0000000080000000,0x00000000d53ff5c8,0x00000000d5400000)
 Metaspace       used 86849K, committed 88512K, reserved 1179648K
  class space    used 8444K, committed 9216K, reserved 1048576K
}
Event: 1001.090 GC heap before
{Heap before GC invocations=3111 (full 5):
 PSYoungGen      total 5632K, used 5603K [0x00000000d5580000, 0x00000000d5d80000, 0x0000000100000000)
  eden space 4096K, 100% used [0x00000000d5580000,0x00000000d5980000,0x00000000d5980000)
  from space 1536K, 98% used [0x00000000d5a00000,0x00000000d5b78c10,0x00000000d5b80000)
  to   space 2048K, 0% used [0x00000000d5b80000,0x00000000d5b80000,0x00000000d5d80000)
 ParOldGen       total 1396736K, used 1396733K [0x0000000080000000, 0x00000000d5400000, 0x00000000d5580000)
  object space 1396736K, 99% used [0x0000000080000000,0x00000000d53ff5c8,0x00000000d5400000)
 Metaspace       used 86849K, committed 88512K, reserved 1179648K
  class space    used 8444K, committed 9216K, reserved 1048576K
}
Event: 1001.093 GC heap after
{Heap after GC invocations=3111 (full 5):
 PSYoungGen      total 5632K, used 1315K [0x00000000d5580000, 0x00000000d5d00000, 0x0000000100000000)
  eden space 4096K, 0% used [0x00000000d5580000,0x00000000d5580000,0x00000000d5980000)
  from space 1536K, 85% used [0x00000000d5b80000,0x00000000d5cc8c10,0x00000000d5d00000)
  to   space 1536K, 0% used [0x00000000d5a00000,0x00000000d5a00000,0x00000000d5b80000)
 ParOldGen       total 1397248K, used 1396741K [0x0000000080000000, 0x00000000d5480000, 0x00000000d5580000)
  object space 1397248K, 99% used [0x0000000080000000,0x00000000d54015c8,0x00000000d5480000)
 Metaspace       used 86849K, committed 88512K, reserved 1179648K
  class space    used 8444K, committed 9216K, reserved 1048576K
}
Event: 1001.107 GC heap before
{Heap before GC invocations=3112 (full 5):
 PSYoungGen      total 5632K, used 5411K [0x00000000d5580000, 0x00000000d5d00000, 0x0000000100000000)
  eden space 4096K, 100% used [0x00000000d5580000,0x00000000d5980000,0x00000000d5980000)
  from space 1536K, 85% used [0x00000000d5b80000,0x00000000d5cc8c10,0x00000000d5d00000)
  to   space 1536K, 0% used [0x00000000d5a00000,0x00000000d5a00000,0x00000000d5b80000)
 ParOldGen       total 1397248K, used 1396741K [0x0000000080000000, 0x00000000d5480000, 0x00000000d5580000)
  object space 1397248K, 99% used [0x0000000080000000,0x00000000d54015c8,0x00000000d5480000)
 Metaspace       used 86849K, committed 88512K, reserved 1179648K
  class space    used 8444K, committed 9216K, reserved 1048576K
}
Event: 1001.110 GC heap after
{Heap after GC invocations=3112 (full 5):
 PSYoungGen      total 5632K, used 1507K [0x00000000d5580000, 0x00000000d5d80000, 0x0000000100000000)
  eden space 4096K, 0% used [0x00000000d5580000,0x00000000d5580000,0x00000000d5980000)
  from space 1536K, 98% used [0x00000000d5a00000,0x00000000d5b78c10,0x00000000d5b80000)
  to   space 2048K, 0% used [0x00000000d5b80000,0x00000000d5b80000,0x00000000d5d80000)
 ParOldGen       total 1397248K, used 1397018K [0x0000000080000000, 0x00000000d5480000, 0x00000000d5580000)
  object space 1397248K, 99% used [0x0000000080000000,0x00000000d5446a48,0x00000000d5480000)
 Metaspace       used 86849K, committed 88512K, reserved 1179648K
  class space    used 8444K, committed 9216K, reserved 1048576K
}
Event: 1001.127 GC heap before
{Heap before GC invocations=3113 (full 5):
 PSYoungGen      total 5632K, used 5603K [0x00000000d5580000, 0x00000000d5d80000, 0x0000000100000000)
  eden space 4096K, 100% used [0x00000000d5580000,0x00000000d5980000,0x00000000d5980000)
  from space 1536K, 98% used [0x00000000d5a00000,0x00000000d5b78c10,0x00000000d5b80000)
  to   space 2048K, 0% used [0x00000000d5b80000,0x00000000d5b80000,0x00000000d5d80000)
 ParOldGen       total 1397248K, used 1397018K [0x0000000080000000, 0x00000000d5480000, 0x00000000d5580000)
  object space 1397248K, 99% used [0x0000000080000000,0x00000000d5446a48,0x00000000d5480000)
 Metaspace       used 86849K, committed 88512K, reserved 1179648K
  class space    used 8444K, committed 9216K, reserved 1048576K
}
Event: 1001.130 GC heap after
{Heap after GC invocations=3113 (full 5):
 PSYoungGen      total 5632K, used 1379K [0x00000000d5580000, 0x00000000d5d00000, 0x0000000100000000)
  eden space 4096K, 0% used [0x00000000d5580000,0x00000000d5580000,0x00000000d5980000)
  from space 1536K, 89% used [0x00000000d5b80000,0x00000000d5cd8c10,0x00000000d5d00000)
  to   space 1536K, 0% used [0x00000000d5a00000,0x00000000d5a00000,0x00000000d5b80000)
 ParOldGen       total 1397248K, used 1397034K [0x0000000080000000, 0x00000000d5480000, 0x00000000d5580000)
  object space 1397248K, 99% used [0x0000000080000000,0x00000000d544aa48,0x00000000d5480000)
 Metaspace       used 86849K, committed 88512K, reserved 1179648K
  class space    used 8444K, committed 9216K, reserved 1048576K
}
Event: 1001.146 GC heap before
{Heap before GC invocations=3114 (full 5):
 PSYoungGen      total 5632K, used 5474K [0x00000000d5580000, 0x00000000d5d00000, 0x0000000100000000)
  eden space 4096K, 99% used [0x00000000d5580000,0x00000000d597ffd8,0x00000000d5980000)
  from space 1536K, 89% used [0x00000000d5b80000,0x00000000d5cd8c10,0x00000000d5d00000)
  to   space 1536K, 0% used [0x00000000d5a00000,0x00000000d5a00000,0x00000000d5b80000)
 ParOldGen       total 1397248K, used 1397034K [0x0000000080000000, 0x00000000d5480000, 0x00000000d5580000)
  object space 1397248K, 99% used [0x0000000080000000,0x00000000d544aa48,0x00000000d5480000)
 Metaspace       used 86849K, committed 88512K, reserved 1179648K
  class space    used 8444K, committed 9216K, reserved 1048576K
}
Event: 1001.150 GC heap after
{Heap after GC invocations=3114 (full 5):
 PSYoungGen      total 5632K, used 1507K [0x00000000d5580000, 0x00000000d5d80000, 0x0000000100000000)
  eden space 4096K, 0% used [0x00000000d5580000,0x00000000d5580000,0x00000000d5980000)
  from space 1536K, 98% used [0x00000000d5a00000,0x00000000d5b78c10,0x00000000d5b80000)
  to   space 2048K, 0% used [0x00000000d5b80000,0x00000000d5b80000,0x00000000d5d80000)
 ParOldGen       total 1397760K, used 1397329K [0x0000000080000000, 0x00000000d5500000, 0x00000000d5580000)
  object space 1397760K, 99% used [0x0000000080000000,0x00000000d5494488,0x00000000d5500000)
 Metaspace       used 86849K, committed 88512K, reserved 1179648K
  class space    used 8444K, committed 9216K, reserved 1048576K
}
Event: 1001.780 GC heap before
{Heap before GC invocations=3115 (full 5):
 PSYoungGen      total 5632K, used 5603K [0x00000000d5580000, 0x00000000d5d80000, 0x0000000100000000)
  eden space 4096K, 100% used [0x00000000d5580000,0x00000000d5980000,0x00000000d5980000)
  from space 1536K, 98% used [0x00000000d5a00000,0x00000000d5b78c10,0x00000000d5b80000)
  to   space 2048K, 0% used [0x00000000d5b80000,0x00000000d5b80000,0x00000000d5d80000)
 ParOldGen       total 1397760K, used 1397329K [0x0000000080000000, 0x00000000d5500000, 0x00000000d5580000)
  object space 1397760K, 99% used [0x0000000080000000,0x00000000d5494488,0x00000000d5500000)
 Metaspace       used 86849K, committed 88512K, reserved 1179648K
  class space    used 8444K, committed 9216K, reserved 1048576K
}
Event: 1001.784 GC heap after
{Heap after GC invocations=3115 (full 5):
 PSYoungGen      total 5120K, used 528K [0x00000000d5580000, 0x00000000d5c80000, 0x0000000100000000)
  eden space 4096K, 0% used [0x00000000d5580000,0x00000000d5580000,0x00000000d5980000)
  from space 1024K, 51% used [0x00000000d5b80000,0x00000000d5c04010,0x00000000d5c80000)
  to   space 1024K, 0% used [0x00000000d5a80000,0x00000000d5a80000,0x00000000d5b80000)
 ParOldGen       total 1397760K, used 1397337K [0x0000000080000000, 0x00000000d5500000, 0x00000000d5580000)
  object space 1397760K, 99% used [0x0000000080000000,0x00000000d5496488,0x00000000d5500000)
 Metaspace       used 86849K, committed 88512K, reserved 1179648K
  class space    used 8444K, committed 9216K, reserved 1048576K
}
Event: 1002.095 GC heap before
{Heap before GC invocations=3116 (full 5):
 PSYoungGen      total 5120K, used 4624K [0x00000000d5580000, 0x00000000d5c80000, 0x0000000100000000)
  eden space 4096K, 100% used [0x00000000d5580000,0x00000000d5980000,0x00000000d5980000)
  from space 1024K, 51% used [0x00000000d5b80000,0x00000000d5c04010,0x00000000d5c80000)
  to   space 1024K, 0% used [0x00000000d5a80000,0x00000000d5a80000,0x00000000d5b80000)
 ParOldGen       total 1397760K, used 1397337K [0x0000000080000000, 0x00000000d5500000, 0x00000000d5580000)
  object space 1397760K, 99% used [0x0000000080000000,0x00000000d5496488,0x00000000d5500000)
 Metaspace       used 86857K, committed 88512K, reserved 1179648K
  class space    used 8444K, committed 9216K, reserved 1048576K
}
Event: 1002.098 GC heap after
{Heap after GC invocations=3116 (full 5):
 PSYoungGen      total 4608K, used 416K [0x00000000d5580000, 0x00000000d5c00000, 0x0000000100000000)
  eden space 4096K, 0% used [0x00000000d5580000,0x00000000d5580000,0x00000000d5980000)
  from space 512K, 81% used [0x00000000d5a80000,0x00000000d5ae8000,0x00000000d5b00000)
  to   space 1024K, 0% used [0x00000000d5b00000,0x00000000d5b00000,0x00000000d5c00000)
 ParOldGen       total 1397760K, used 1397662K [0x0000000080000000, 0x00000000d5500000, 0x00000000d5580000)
  object space 1397760K, 99% used [0x0000000080000000,0x00000000d54e7918,0x00000000d5500000)
 Metaspace       used 86857K, committed 88512K, reserved 1179648K
  class space    used 8444K, committed 9216K, reserved 1048576K
}
Event: 1002.460 GC heap before
{Heap before GC invocations=3117 (full 5):
 PSYoungGen      total 4608K, used 4512K [0x00000000d5580000, 0x00000000d5c00000, 0x0000000100000000)
  eden space 4096K, 100% used [0x00000000d5580000,0x00000000d5980000,0x00000000d5980000)
  from space 512K, 81% used [0x00000000d5a80000,0x00000000d5ae8000,0x00000000d5b00000)
  to   space 1024K, 0% used [0x00000000d5b00000,0x00000000d5b00000,0x00000000d5c00000)
 ParOldGen       total 1397760K, used 1397662K [0x0000000080000000, 0x00000000d5500000, 0x00000000d5580000)
  object space 1397760K, 99% used [0x0000000080000000,0x00000000d54e7918,0x00000000d5500000)
 Metaspace       used 86857K, committed 88512K, reserved 1179648K
  class space    used 8444K, committed 9216K, reserved 1048576K
}
Event: 1002.462 GC heap after
{Heap after GC invocations=3117 (full 5):
 PSYoungGen      total 4608K, used 256K [0x00000000d5580000, 0x00000000d5b80000, 0x0000000100000000)
  eden space 4096K, 0% used [0x00000000d5580000,0x00000000d5580000,0x00000000d5980000)
  from space 512K, 50% used [0x00000000d5b00000,0x00000000d5b40000,0x00000000d5b80000)
  to   space 512K, 0% used [0x00000000d5a80000,0x00000000d5a80000,0x00000000d5b00000)
 ParOldGen       total 1398272K, used 1397902K [0x0000000080000000, 0x00000000d5580000, 0x00000000d5580000)
  object space 1398272K, 99% used [0x0000000080000000,0x00000000d5523918,0x00000000d5580000)
 Metaspace       used 86857K, committed 88512K, reserved 1179648K
  class space    used 8444K, committed 9216K, reserved 1048576K
}
Event: 1002.907 GC heap before
{Heap before GC invocations=3118 (full 5):
 PSYoungGen      total 4608K, used 4352K [0x00000000d5580000, 0x00000000d5b80000, 0x0000000100000000)
  eden space 4096K, 100% used [0x00000000d5580000,0x00000000d5980000,0x00000000d5980000)
  from space 512K, 50% used [0x00000000d5b00000,0x00000000d5b40000,0x00000000d5b80000)
  to   space 512K, 0% used [0x00000000d5a80000,0x00000000d5a80000,0x00000000d5b00000)
 ParOldGen       total 1398272K, used 1397902K [0x0000000080000000, 0x00000000d5580000, 0x00000000d5580000)
  object space 1398272K, 99% used [0x0000000080000000,0x00000000d5523918,0x00000000d5580000)
 Metaspace       used 86878K, committed 88512K, reserved 1179648K
  class space    used 8447K, committed 9216K, reserved 1048576K
}
Event: 1002.912 GC heap after
{Heap after GC invocations=3118 (full 5):
 PSYoungGen      total 4608K, used 4352K [0x00000000d5580000, 0x00000000d5b80000, 0x0000000100000000)
  eden space 4096K, 100% used [0x00000000d5580000,0x00000000d5980000,0x00000000d5980000)
  from space 512K, 50% used [0x00000000d5b00000,0x00000000d5b40000,0x00000000d5b80000)
  to   space 512K, 95% used [0x00000000d5a80000,0x00000000d5afa390,0x00000000d5b00000)
 ParOldGen       total 1398272K, used 1398271K [0x0000000080000000, 0x00000000d5580000, 0x00000000d5580000)
  object space 1398272K, 99% used [0x0000000080000000,0x00000000d557fca8,0x00000000d5580000)
 Metaspace       used 86878K, committed 88512K, reserved 1179648K
  class space    used 8447K, committed 9216K, reserved 1048576K
}
Event: 1002.912 GC heap before
{Heap before GC invocations=3119 (full 6):
 PSYoungGen      total 4608K, used 4352K [0x00000000d5580000, 0x00000000d5b80000, 0x0000000100000000)
  eden space 4096K, 100% used [0x00000000d5580000,0x00000000d5980000,0x00000000d5980000)
  from space 512K, 50% used [0x00000000d5b00000,0x00000000d5b40000,0x00000000d5b80000)
  to   space 512K, 95% used [0x00000000d5a80000,0x00000000d5afa390,0x00000000d5b00000)
 ParOldGen       total 1398272K, used 1398271K [0x0000000080000000, 0x00000000d5580000, 0x00000000d5580000)
  object space 1398272K, 99% used [0x0000000080000000,0x00000000d557fca8,0x00000000d5580000)
 Metaspace       used 86878K, committed 88512K, reserved 1179648K
  class space    used 8447K, committed 9216K, reserved 1048576K
}

Dll operation events (12 events):
Event: 0.086 Loaded shared library c:\Users\OORNEE MITRA\.vscode\extensions\redhat.java-1.43.1-win32-x64\jre\21.0.7-win32-x86_64\bin\java.dll
Event: 0.467 Loaded shared library c:\Users\OORNEE MITRA\.vscode\extensions\redhat.java-1.43.1-win32-x64\jre\21.0.7-win32-x86_64\bin\zip.dll
Event: 0.518 Loaded shared library C:\Users\OORNEE MITRA\.vscode\extensions\redhat.java-1.43.1-win32-x64\jre\21.0.7-win32-x86_64\bin\instrument.dll
Event: 0.560 Loaded shared library C:\Users\OORNEE MITRA\.vscode\extensions\redhat.java-1.43.1-win32-x64\jre\21.0.7-win32-x86_64\bin\net.dll
Event: 0.567 Loaded shared library C:\Users\OORNEE MITRA\.vscode\extensions\redhat.java-1.43.1-win32-x64\jre\21.0.7-win32-x86_64\bin\nio.dll
Event: 0.585 Loaded shared library C:\Users\OORNEE MITRA\.vscode\extensions\redhat.java-1.43.1-win32-x64\jre\21.0.7-win32-x86_64\bin\zip.dll
Event: 0.730 Loaded shared library C:\Users\OORNEE MITRA\.vscode\extensions\redhat.java-1.43.1-win32-x64\jre\21.0.7-win32-x86_64\bin\jimage.dll
Event: 1.282 Loaded shared library c:\Users\OORNEE MITRA\.vscode\extensions\redhat.java-1.43.1-win32-x64\jre\21.0.7-win32-x86_64\bin\verify.dll
Event: 11.817 Loaded shared library C:\Users\OORNEE MITRA\AppData\Roaming\Code\User\globalStorage\redhat.java\1.43.1\config_win\org.eclipse.equinox.launcher\org.eclipse.equinox.launcher.win32.win32.x86_64_1.2.1300.v20250331-1702\eclipse_11911.dll
Event: 35.063 Loaded shared library C:\Users\OORNEE MITRA\AppData\Local\Temp\jna-998173443\jna10713387531548010942.dll
Event: 40.527 Loaded shared library C:\Users\OORNEE MITRA\.vscode\extensions\redhat.java-1.43.1-win32-x64\jre\21.0.7-win32-x86_64\bin\sunmscapi.dll
Event: 40.982 Loaded shared library C:\Users\OORNEE MITRA\.vscode\extensions\redhat.java-1.43.1-win32-x64\jre\21.0.7-win32-x86_64\bin\extnet.dll

Deoptimization events (20 events):
Event: 1002.181 Thread 0x0000023081f74080 Uncommon trap: trap_request=0xffffffde fr.pc=0x00000230ad375a10 relative=0x00000000000001b0
Event: 1002.182 Thread 0x0000023081f74080 Uncommon trap: reason=class_check action=maybe_recompile pc=0x00000230ad375a10 method=org.eclipse.jdt.internal.compiler.ast.MessageSend.computeConversion(Lorg/eclipse/jdt/internal/compiler/lookup/Scope;Lorg/eclipse/jdt/internal/compiler/lookup/TypeBinding
Event: 1002.182 Thread 0x0000023081f74080 DEOPT PACKING pc=0x00000230ad375a10 sp=0x0000004688bfded0
Event: 1002.182 Thread 0x0000023081f74080 DEOPT UNPACKING pc=0x00000230ab953aa2 sp=0x0000004688bfde58 mode 2
Event: 1002.182 Thread 0x0000023081f74080 Uncommon trap: trap_request=0xffffffde fr.pc=0x00000230ad375a10 relative=0x00000000000001b0
Event: 1002.182 Thread 0x0000023081f74080 Uncommon trap: reason=class_check action=maybe_recompile pc=0x00000230ad375a10 method=org.eclipse.jdt.internal.compiler.ast.MessageSend.computeConversion(Lorg/eclipse/jdt/internal/compiler/lookup/Scope;Lorg/eclipse/jdt/internal/compiler/lookup/TypeBinding
Event: 1002.182 Thread 0x0000023081f74080 DEOPT PACKING pc=0x00000230ad375a10 sp=0x0000004688bfded0
Event: 1002.182 Thread 0x0000023081f74080 DEOPT UNPACKING pc=0x00000230ab953aa2 sp=0x0000004688bfde58 mode 2
Event: 1002.183 Thread 0x0000023081f74080 Uncommon trap: trap_request=0xffffff45 fr.pc=0x00000230ac652f44 relative=0x00000000000000a4
Event: 1002.183 Thread 0x0000023081f74080 Uncommon trap: reason=unstable_if action=reinterpret pc=0x00000230ac652f44 method=org.eclipse.jdt.internal.compiler.codegen.ConstantPool.writeU1(I)V @ 11 c2
Event: 1002.183 Thread 0x0000023081f74080 DEOPT PACKING pc=0x00000230ac652f44 sp=0x0000004688bfe0d0
Event: 1002.183 Thread 0x0000023081f74080 DEOPT UNPACKING pc=0x00000230ab953aa2 sp=0x0000004688bfe058 mode 2
Event: 1002.467 Thread 0x00000230ff5100f0 Uncommon trap: trap_request=0xffffffc6 fr.pc=0x00000230ad6862fc relative=0x00000000000020fc
Event: 1002.467 Thread 0x00000230ff5100f0 Uncommon trap: reason=bimorphic_or_optimized_type_check action=maybe_recompile pc=0x00000230ad6862fc method=org.eclipse.jdt.core.dom.ASTConverter.convert(Lorg/eclipse/jdt/internal/compiler/ast/Argument;)Lorg/eclipse/jdt/core/dom/SingleVariableDeclaration;
Event: 1002.467 Thread 0x00000230ff5100f0 DEOPT PACKING pc=0x00000230ad6862fc sp=0x000000468b0fe090
Event: 1002.467 Thread 0x00000230ff5100f0 DEOPT UNPACKING pc=0x00000230ab953aa2 sp=0x000000468b0fe028 mode 2
Event: 1002.467 Thread 0x00000230ff5100f0 Uncommon trap: trap_request=0xffffffc6 fr.pc=0x00000230ad1ec934 relative=0x00000000000002d4
Event: 1002.467 Thread 0x00000230ff5100f0 Uncommon trap: reason=bimorphic_or_optimized_type_check action=maybe_recompile pc=0x00000230ad1ec934 method=org.eclipse.jdt.core.dom.AnnotatableType.getAnnotationsProperty()Lorg/eclipse/jdt/core/dom/ChildListPropertyDescriptor; @ 1 c2
Event: 1002.467 Thread 0x00000230ff5100f0 DEOPT PACKING pc=0x00000230ad1ec934 sp=0x000000468b0fdd40
Event: 1002.467 Thread 0x00000230ff5100f0 DEOPT UNPACKING pc=0x00000230ab953aa2 sp=0x000000468b0fdc70 mode 2

Classes loaded (20 events):
Event: 328.168 Loading class java/util/Collections$EmptyListIterator
Event: 328.169 Loading class java/util/Collections$EmptyListIterator done
Event: 337.191 Loading class java/util/stream/Nodes$CollectorTask$OfRef
Event: 337.191 Loading class java/util/stream/Nodes$CollectorTask
Event: 337.193 Loading class java/util/stream/Nodes$CollectorTask done
Event: 337.193 Loading class java/util/stream/Nodes$CollectorTask$OfRef done
Event: 337.197 Loading class java/util/function/LongFunction
Event: 337.197 Loading class java/util/function/LongFunction done
Event: 337.198 Loading class java/util/stream/Nodes$ConcNode
Event: 337.198 Loading class java/util/stream/Nodes$AbstractConcNode
Event: 337.199 Loading class java/util/stream/Nodes$AbstractConcNode done
Event: 337.199 Loading class java/util/stream/Nodes$ConcNode done
Event: 337.215 Loading class java/io/ObjectOutputStream$BlockDataOutputStream
Event: 337.216 Loading class java/io/ObjectOutputStream$BlockDataOutputStream done
Event: 337.216 Loading class java/io/ObjectOutputStream$HandleTable
Event: 337.216 Loading class java/io/ObjectOutputStream$HandleTable done
Event: 337.217 Loading class java/io/ObjectOutputStream$ReplaceTable
Event: 337.217 Loading class java/io/ObjectOutputStream$ReplaceTable done
Event: 346.943 Loading class java/nio/channels/CompletionHandler
Event: 346.945 Loading class java/nio/channels/CompletionHandler done

Classes unloaded (20 events):
Event: 36.642 Thread 0x00000230b7c413e0 Unloading class 0x00000230b91a3800 'java/lang/invoke/LambdaForm$MH+0x00000230b91a3800'
Event: 36.642 Thread 0x00000230b7c413e0 Unloading class 0x00000230b91a3400 'java/lang/invoke/LambdaForm$MH+0x00000230b91a3400'
Event: 36.642 Thread 0x00000230b7c413e0 Unloading class 0x00000230b91a3000 'java/lang/invoke/LambdaForm$MH+0x00000230b91a3000'
Event: 36.642 Thread 0x00000230b7c413e0 Unloading class 0x00000230b91a2c00 'java/lang/invoke/LambdaForm$MH+0x00000230b91a2c00'
Event: 36.642 Thread 0x00000230b7c413e0 Unloading class 0x00000230b91a2800 'java/lang/invoke/LambdaForm$BMH+0x00000230b91a2800'
Event: 36.642 Thread 0x00000230b7c413e0 Unloading class 0x00000230b91a2400 'java/lang/invoke/LambdaForm$DMH+0x00000230b91a2400'
Event: 36.642 Thread 0x00000230b7c413e0 Unloading class 0x00000230b91a1000 'java/lang/invoke/LambdaForm$DMH+0x00000230b91a1000'
Event: 39.521 Thread 0x00000230b7c413e0 Unloading class 0x00000230b92d0000 'java/lang/invoke/LambdaForm$MH+0x00000230b92d0000'
Event: 39.521 Thread 0x00000230b7c413e0 Unloading class 0x00000230b92cf800 'java/lang/invoke/LambdaForm$MH+0x00000230b92cf800'
Event: 39.521 Thread 0x00000230b7c413e0 Unloading class 0x00000230b92cf400 'java/lang/invoke/LambdaForm$MH+0x00000230b92cf400'
Event: 39.521 Thread 0x00000230b7c413e0 Unloading class 0x00000230b92cec00 'java/lang/invoke/LambdaForm$MH+0x00000230b92cec00'
Event: 39.521 Thread 0x00000230b7c413e0 Unloading class 0x00000230b92ce400 'java/lang/invoke/LambdaForm$DMH+0x00000230b92ce400'
Event: 39.521 Thread 0x00000230b7c413e0 Unloading class 0x00000230b92cdc00 'java/lang/invoke/LambdaForm$MH+0x00000230b92cdc00'
Event: 39.521 Thread 0x00000230b7c413e0 Unloading class 0x00000230b92ca000 'java/lang/invoke/LambdaForm$MH+0x00000230b92ca000'
Event: 39.521 Thread 0x00000230b7c413e0 Unloading class 0x00000230b92c9800 'java/lang/invoke/LambdaForm$MH+0x00000230b92c9800'
Event: 39.521 Thread 0x00000230b7c413e0 Unloading class 0x00000230b92c9000 'java/lang/invoke/LambdaForm$MH+0x00000230b92c9000'
Event: 39.521 Thread 0x00000230b7c413e0 Unloading class 0x00000230b92c8800 'java/lang/invoke/LambdaForm$MH+0x00000230b92c8800'
Event: 39.521 Thread 0x00000230b7c413e0 Unloading class 0x00000230b92c8000 'java/lang/invoke/LambdaForm$MH+0x00000230b92c8000'
Event: 39.521 Thread 0x00000230b7c413e0 Unloading class 0x00000230b92c1400 'java/lang/invoke/LambdaForm$MH+0x00000230b92c1400'
Event: 39.521 Thread 0x00000230b7c413e0 Unloading class 0x00000230b92c0800 'java/lang/invoke/LambdaForm$DMH+0x00000230b92c0800'

Classes redefined (0 events):
No events

Internal exceptions (20 events):
Event: 944.445 Thread 0x00000230fa956ce0 Exception <a 'sun/nio/fs/WindowsException'{0x00000000d5790b20}> (0x00000000d5790b20) 
thrown [s\src\hotspot\share\prims\jni.cpp, line 520]
Event: 944.664 Thread 0x00000230fa956ce0 Exception <a 'sun/nio/fs/WindowsException'{0x00000000d5690400}> (0x00000000d5690400) 
thrown [s\src\hotspot\share\prims\jni.cpp, line 520]
Event: 956.133 Thread 0x00000230fa956ce0 Exception <a 'sun/nio/fs/WindowsException'{0x00000000d567bfb8}> (0x00000000d567bfb8) 
thrown [s\src\hotspot\share\prims\jni.cpp, line 520]
Event: 956.334 Thread 0x00000230fa956ce0 Exception <a 'sun/nio/fs/WindowsException'{0x00000000d576d570}> (0x00000000d576d570) 
thrown [s\src\hotspot\share\prims\jni.cpp, line 520]
Event: 958.790 Thread 0x00000230fa956ce0 Exception <a 'sun/nio/fs/WindowsException'{0x00000000d5766d08}> (0x00000000d5766d08) 
thrown [s\src\hotspot\share\prims\jni.cpp, line 520]
Event: 958.923 Thread 0x00000230fa956ce0 Exception <a 'sun/nio/fs/WindowsException'{0x00000000d57ec838}> (0x00000000d57ec838) 
thrown [s\src\hotspot\share\prims\jni.cpp, line 520]
Event: 963.340 Thread 0x00000230fa956ce0 Exception <a 'sun/nio/fs/WindowsException'{0x00000000d57710c8}> (0x00000000d57710c8) 
thrown [s\src\hotspot\share\prims\jni.cpp, line 520]
Event: 963.478 Thread 0x00000230fa956ce0 Exception <a 'sun/nio/fs/WindowsException'{0x00000000d562cf18}> (0x00000000d562cf18) 
thrown [s\src\hotspot\share\prims\jni.cpp, line 520]
Event: 966.503 Thread 0x00000230fa956ce0 Exception <a 'sun/nio/fs/WindowsException'{0x00000000d55ff660}> (0x00000000d55ff660) 
thrown [s\src\hotspot\share\prims\jni.cpp, line 520]
Event: 966.656 Thread 0x00000230fa956ce0 Exception <a 'sun/nio/fs/WindowsException'{0x00000000d55df460}> (0x00000000d55df460) 
thrown [s\src\hotspot\share\prims\jni.cpp, line 520]
Event: 974.982 Thread 0x00000230fa956ce0 Exception <a 'sun/nio/fs/WindowsException'{0x00000000d55bdf28}> (0x00000000d55bdf28) 
thrown [s\src\hotspot\share\prims\jni.cpp, line 520]
Event: 975.131 Thread 0x00000230fa956ce0 Exception <a 'sun/nio/fs/WindowsException'{0x00000000d5582be8}> (0x00000000d5582be8) 
thrown [s\src\hotspot\share\prims\jni.cpp, line 520]
Event: 987.862 Thread 0x00000230fa956ce0 Exception <a 'sun/nio/fs/WindowsException'{0x00000000d55eefb0}> (0x00000000d55eefb0) 
thrown [s\src\hotspot\share\prims\jni.cpp, line 520]
Event: 988.033 Thread 0x00000230fa956ce0 Exception <a 'sun/nio/fs/WindowsException'{0x00000000d56421c0}> (0x00000000d56421c0) 
thrown [s\src\hotspot\share\prims\jni.cpp, line 520]
Event: 1001.765 Thread 0x00000230825dda10 Implicit null exception at 0x00000230ac8b2a7b to 0x00000230ac8b5d7c
Event: 1001.775 Thread 0x00000230ff50fa60 Implicit null exception at 0x00000230ac402891 to 0x00000230ac403bac
Event: 1001.776 Thread 0x00000230ff50fa60 Implicit null exception at 0x00000230ac886d61 to 0x00000230ac887870
Event: 1001.779 Thread 0x00000230ff50fa60 Implicit null exception at 0x00000230ad716201 to 0x00000230ad7163e0
Event: 1001.791 Thread 0x00000230ff50fa60 Implicit null exception at 0x00000230ac656556 to 0x00000230ac659938
Event: 1002.897 Thread 0x00000230fa956ce0 Exception <a 'sun/nio/fs/WindowsException'{0x00000000d581e918}> (0x00000000d581e918) 
thrown [s\src\hotspot\share\prims\jni.cpp, line 520]

ZGC Phase Switch (0 events):
No events

VM Operations (20 events):
Event: 1000.719 Executing VM operation: ParallelGCFailedAllocation (Allocation Failure) done
Event: 1000.738 Executing VM operation: ParallelGCFailedAllocation (Allocation Failure)
Event: 1000.741 Executing VM operation: ParallelGCFailedAllocation (Allocation Failure) done
Event: 1000.756 Executing VM operation: ParallelGCFailedAllocation (Allocation Failure)
Event: 1000.759 Executing VM operation: ParallelGCFailedAllocation (Allocation Failure) done
Event: 1001.090 Executing VM operation: ParallelGCFailedAllocation (Allocation Failure)
Event: 1001.093 Executing VM operation: ParallelGCFailedAllocation (Allocation Failure) done
Event: 1001.107 Executing VM operation: ParallelGCFailedAllocation (Allocation Failure)
Event: 1001.110 Executing VM operation: ParallelGCFailedAllocation (Allocation Failure) done
Event: 1001.127 Executing VM operation: ParallelGCFailedAllocation (Allocation Failure)
Event: 1001.130 Executing VM operation: ParallelGCFailedAllocation (Allocation Failure) done
Event: 1001.146 Executing VM operation: ParallelGCFailedAllocation (Allocation Failure)
Event: 1001.150 Executing VM operation: ParallelGCFailedAllocation (Allocation Failure) done
Event: 1001.780 Executing VM operation: ParallelGCFailedAllocation (Allocation Failure)
Event: 1001.784 Executing VM operation: ParallelGCFailedAllocation (Allocation Failure) done
Event: 1002.095 Executing VM operation: ParallelGCFailedAllocation (Allocation Failure)
Event: 1002.098 Executing VM operation: ParallelGCFailedAllocation (Allocation Failure) done
Event: 1002.460 Executing VM operation: ParallelGCFailedAllocation (Allocation Failure)
Event: 1002.462 Executing VM operation: ParallelGCFailedAllocation (Allocation Failure) done
Event: 1002.907 Executing VM operation: ParallelGCFailedAllocation (Allocation Failure)

Memory protections (0 events):
No events

Nmethod flushes (20 events):
Event: 412.294 Thread 0x00000230b7c413e0 flushing  nmethod 0x00000230a6286a90
Event: 412.294 Thread 0x00000230b7c413e0 flushing  nmethod 0x00000230a6299010
Event: 412.294 Thread 0x00000230b7c413e0 flushing  nmethod 0x00000230a6299f10
Event: 412.294 Thread 0x00000230b7c413e0 flushing  nmethod 0x00000230a62c2f10
Event: 412.294 Thread 0x00000230b7c413e0 flushing  nmethod 0x00000230a62c4b90
Event: 412.294 Thread 0x00000230b7c413e0 flushing  nmethod 0x00000230a62db690
Event: 412.294 Thread 0x00000230b7c413e0 flushing  nmethod 0x00000230a62ed910
Event: 412.294 Thread 0x00000230b7c413e0 flushing  nmethod 0x00000230a62f0890
Event: 412.294 Thread 0x00000230b7c413e0 flushing  nmethod 0x00000230a6309b10
Event: 412.294 Thread 0x00000230b7c413e0 flushing  nmethod 0x00000230a6310290
Event: 412.294 Thread 0x00000230b7c413e0 flushing  nmethod 0x00000230a6352390
Event: 412.294 Thread 0x00000230b7c413e0 flushing  nmethod 0x00000230a6362b90
Event: 412.294 Thread 0x00000230b7c413e0 flushing  nmethod 0x00000230a6421e10
Event: 412.294 Thread 0x00000230b7c413e0 flushing  nmethod 0x00000230a6423d10
Event: 412.294 Thread 0x00000230b7c413e0 flushing  nmethod 0x00000230a6459d10
Event: 412.294 Thread 0x00000230b7c413e0 flushing  nmethod 0x00000230a65cda90
Event: 412.294 Thread 0x00000230b7c413e0 flushing  nmethod 0x00000230a65d9710
Event: 412.294 Thread 0x00000230b7c413e0 flushing  nmethod 0x00000230a65f2710
Event: 412.294 Thread 0x00000230b7c413e0 flushing  nmethod 0x00000230a6608190
Event: 412.294 Thread 0x00000230b7c413e0 flushing  nmethod 0x00000230a6639690

Events (20 events):
Event: 561.197 Thread 0x00000230825dda10 Thread exited: 0x00000230825dda10
Event: 569.574 Thread 0x0000023081f73360 Thread exited: 0x0000023081f73360
Event: 569.574 Thread 0x00000230fa956650 Thread exited: 0x00000230fa956650
Event: 569.574 Thread 0x0000023081f77b90 Thread exited: 0x0000023081f77b90
Event: 570.564 Thread 0x00000230fa9552a0 Thread exited: 0x00000230fa9552a0
Event: 570.564 Thread 0x00000230fa955930 Thread exited: 0x00000230fa955930
Event: 570.574 Thread 0x0000023081f78f40 Thread exited: 0x0000023081f78f40
Event: 570.574 Thread 0x0000023081f78220 Thread exited: 0x0000023081f78220
Event: 583.803 Thread 0x00000230ff50e020 Thread exited: 0x00000230ff50e020
Event: 643.818 Thread 0x00000230ff510780 Thread exited: 0x00000230ff510780
Event: 646.056 Thread 0x00000230fa954c10 Thread added: 0x00000230825dda10
Event: 646.057 Thread 0x00000230825dda10 Thread exited: 0x00000230825dda10
Event: 673.526 Thread 0x0000023081f74080 Thread added: 0x00000230825dda10
Event: 673.535 Thread 0x0000023081f74080 Thread added: 0x00000230ff510780
Event: 693.604 Thread 0x00000230b7c4aad0 Thread added: 0x00000230806d50d0
Event: 693.721 Thread 0x00000230806d50d0 Thread exited: 0x00000230806d50d0
Event: 700.126 Thread 0x00000230fa954c10 Thread added: 0x00000230ff50e020
Event: 945.180 Thread 0x00000230ff5100f0 Thread added: 0x00000230fa9552a0
Event: 963.500 Thread 0x00000230fa954c10 Thread added: 0x00000230fa956650
Event: 963.501 Thread 0x00000230fa956650 Thread exited: 0x00000230fa956650


Dynamic libraries:
0x00007ff6a36e0000 - 0x00007ff6a36ee000 	c:\Users\OORNEE MITRA\.vscode\extensions\redhat.java-1.43.1-win32-x64\jre\21.0.7-win32-x86_64\bin\java.exe
0x00007ffafc060000 - 0x00007ffafc2c3000 	C:\WINDOWS\SYSTEM32\ntdll.dll
0x00007ffafb570000 - 0x00007ffafb637000 	C:\WINDOWS\System32\KERNEL32.DLL
0x00007ffaf9800000 - 0x00007ffaf9bc7000 	C:\WINDOWS\System32\KERNELBASE.dll
0x00007ffaf9550000 - 0x00007ffaf969c000 	C:\WINDOWS\System32\ucrtbase.dll
0x00007ffab5830000 - 0x00007ffab5848000 	c:\Users\OORNEE MITRA\.vscode\extensions\redhat.java-1.43.1-win32-x64\jre\21.0.7-win32-x86_64\bin\jli.dll
0x00007ffab5210000 - 0x00007ffab522e000 	c:\Users\OORNEE MITRA\.vscode\extensions\redhat.java-1.43.1-win32-x64\jre\21.0.7-win32-x86_64\bin\VCRUNTIME140.dll
0x00007ffaf9fe0000 - 0x00007ffafa1a9000 	C:\WINDOWS\System32\USER32.dll
0x00007ffaf96a0000 - 0x00007ffaf96c7000 	C:\WINDOWS\System32\win32u.dll
0x00007ffafa9e0000 - 0x00007ffafaa0a000 	C:\WINDOWS\System32\GDI32.dll
0x00007ffaf85e0000 - 0x00007ffaf8870000 	C:\WINDOWS\WinSxS\amd64_microsoft.windows.common-controls_6595b64144ccf1df_6.0.26100.3037_none_3e09262ce333c378\COMCTL32.dll
0x00007ffaf96d0000 - 0x00007ffaf97fb000 	C:\WINDOWS\System32\gdi32full.dll
0x00007ffafabf0000 - 0x00007ffafac99000 	C:\WINDOWS\System32\msvcrt.dll
0x00007ffaf9400000 - 0x00007ffaf94a3000 	C:\WINDOWS\System32\msvcp_win.dll
0x00007ffafaa10000 - 0x00007ffafaa3f000 	C:\WINDOWS\System32\IMM32.DLL
0x00007ffad8190000 - 0x00007ffad819c000 	c:\Users\OORNEE MITRA\.vscode\extensions\redhat.java-1.43.1-win32-x64\jre\21.0.7-win32-x86_64\bin\vcruntime140_1.dll
0x00007ffab2270000 - 0x00007ffab22fd000 	c:\Users\OORNEE MITRA\.vscode\extensions\redhat.java-1.43.1-win32-x64\jre\21.0.7-win32-x86_64\bin\msvcp140.dll
0x00007ffaaa320000 - 0x00007ffaab0b0000 	c:\Users\OORNEE MITRA\.vscode\extensions\redhat.java-1.43.1-win32-x64\jre\21.0.7-win32-x86_64\bin\server\jvm.dll
0x00007ffafb420000 - 0x00007ffafb4d4000 	C:\WINDOWS\System32\ADVAPI32.dll
0x00007ffafb2b0000 - 0x00007ffafb356000 	C:\WINDOWS\System32\sechost.dll
0x00007ffaf9ea0000 - 0x00007ffaf9fb6000 	C:\WINDOWS\System32\RPCRT4.dll
0x00007ffafb370000 - 0x00007ffafb3e4000 	C:\WINDOWS\System32\WS2_32.dll
0x00007ffaf9290000 - 0x00007ffaf92de000 	C:\WINDOWS\SYSTEM32\POWRPROF.dll
0x00007ffaf1340000 - 0x00007ffaf1376000 	C:\WINDOWS\SYSTEM32\WINMM.dll
0x00007ffaf1380000 - 0x00007ffaf138b000 	C:\WINDOWS\SYSTEM32\VERSION.dll
0x00007ffaf9270000 - 0x00007ffaf9284000 	C:\WINDOWS\SYSTEM32\UMPDC.dll
0x00007ffaf7900000 - 0x00007ffaf791a000 	C:\WINDOWS\SYSTEM32\kernel.appcore.dll
0x00007ffad19c0000 - 0x00007ffad19ca000 	c:\Users\OORNEE MITRA\.vscode\extensions\redhat.java-1.43.1-win32-x64\jre\21.0.7-win32-x86_64\bin\jimage.dll
0x00007ffaf8be0000 - 0x00007ffaf8e21000 	C:\WINDOWS\SYSTEM32\DBGHELP.DLL
0x00007ffafb960000 - 0x00007ffafbcde000 	C:\WINDOWS\System32\combase.dll
0x00007ffafb1c0000 - 0x00007ffafb296000 	C:\WINDOWS\System32\OLEAUT32.dll
0x00007ffaf8a80000 - 0x00007ffaf8ab9000 	C:\WINDOWS\SYSTEM32\dbgcore.DLL
0x00007ffaf94b0000 - 0x00007ffaf9549000 	C:\WINDOWS\System32\bcryptPrimitives.dll
0x00007ffac3460000 - 0x00007ffac346f000 	c:\Users\OORNEE MITRA\.vscode\extensions\redhat.java-1.43.1-win32-x64\jre\21.0.7-win32-x86_64\bin\instrument.dll
0x00007ffab2790000 - 0x00007ffab27af000 	c:\Users\OORNEE MITRA\.vscode\extensions\redhat.java-1.43.1-win32-x64\jre\21.0.7-win32-x86_64\bin\java.dll
0x00007ffafa260000 - 0x00007ffafa964000 	C:\WINDOWS\System32\SHELL32.dll
0x00007ffaf66f0000 - 0x00007ffaf6f27000 	C:\WINDOWS\SYSTEM32\windows.storage.dll
0x00007ffafb810000 - 0x00007ffafb8f9000 	C:\WINDOWS\System32\SHCORE.dll
0x00007ffafa970000 - 0x00007ffafa9cd000 	C:\WINDOWS\System32\shlwapi.dll
0x00007ffaf9310000 - 0x00007ffaf933e000 	C:\WINDOWS\SYSTEM32\profapi.dll
0x00007ffad19d0000 - 0x00007ffad19e8000 	c:\Users\OORNEE MITRA\.vscode\extensions\redhat.java-1.43.1-win32-x64\jre\21.0.7-win32-x86_64\bin\zip.dll
0x00007ffadfb40000 - 0x00007ffadfb50000 	C:\Users\OORNEE MITRA\.vscode\extensions\redhat.java-1.43.1-win32-x64\jre\21.0.7-win32-x86_64\bin\net.dll
0x00007ffaef1a0000 - 0x00007ffaef2be000 	C:\WINDOWS\SYSTEM32\WINHTTP.dll
0x00007ffaf7e00000 - 0x00007ffaf7e6a000 	C:\WINDOWS\system32\mswsock.dll
0x00007ffaba520000 - 0x00007ffaba536000 	C:\Users\OORNEE MITRA\.vscode\extensions\redhat.java-1.43.1-win32-x64\jre\21.0.7-win32-x86_64\bin\nio.dll
0x00007ffac1cb0000 - 0x00007ffac1cc0000 	c:\Users\OORNEE MITRA\.vscode\extensions\redhat.java-1.43.1-win32-x64\jre\21.0.7-win32-x86_64\bin\verify.dll
0x00007ffadfaa0000 - 0x00007ffadfae5000 	C:\Users\OORNEE MITRA\AppData\Roaming\Code\User\globalStorage\redhat.java\1.43.1\config_win\org.eclipse.equinox.launcher\org.eclipse.equinox.launcher.win32.win32.x86_64_1.2.1300.v20250331-1702\eclipse_11911.dll
0x00007ffafaa50000 - 0x00007ffafabe5000 	C:\WINDOWS\System32\ole32.dll
0x00007ffaf8f30000 - 0x00007ffaf8f4c000 	C:\WINDOWS\SYSTEM32\CRYPTSP.dll
0x00007ffaf7d10000 - 0x00007ffaf7d48000 	C:\WINDOWS\system32\rsaenh.dll
0x00007ffaf7ed0000 - 0x00007ffaf7efb000 	C:\WINDOWS\SYSTEM32\USERENV.dll
0x00007ffaf8b90000 - 0x00007ffaf8bb6000 	C:\WINDOWS\SYSTEM32\bcrypt.dll
0x00007ffaf8380000 - 0x00007ffaf838c000 	C:\WINDOWS\SYSTEM32\CRYPTBASE.dll
0x00007ffaf7380000 - 0x00007ffaf73b2000 	C:\WINDOWS\SYSTEM32\IPHLPAPI.DLL
0x00007ffafb4e0000 - 0x00007ffafb4ea000 	C:\WINDOWS\System32\NSI.dll
0x00007ffadf2b0000 - 0x00007ffadf2f9000 	C:\Users\OORNEE MITRA\AppData\Local\Temp\jna-998173443\jna10713387531548010942.dll
0x00007ffafb2a0000 - 0x00007ffafb2a8000 	C:\WINDOWS\System32\PSAPI.DLL
0x00007ffaf1210000 - 0x00007ffaf122f000 	C:\WINDOWS\SYSTEM32\dhcpcsvc6.DLL
0x00007ffaef170000 - 0x00007ffaef195000 	C:\WINDOWS\SYSTEM32\dhcpcsvc.DLL
0x00007ffadf1f0000 - 0x00007ffadf1fe000 	C:\Users\OORNEE MITRA\.vscode\extensions\redhat.java-1.43.1-win32-x64\jre\21.0.7-win32-x86_64\bin\sunmscapi.dll
0x00007ffaf9c60000 - 0x00007ffaf9dd6000 	C:\WINDOWS\System32\CRYPT32.dll
0x00007ffaf84a0000 - 0x00007ffaf84d0000 	C:\WINDOWS\SYSTEM32\ncrypt.dll
0x00007ffaf8450000 - 0x00007ffaf848f000 	C:\WINDOWS\SYSTEM32\NTASN1.dll
0x00007ffaf7410000 - 0x00007ffaf7535000 	C:\WINDOWS\SYSTEM32\DNSAPI.dll
0x00007ffadefc0000 - 0x00007ffadefcb000 	C:\Windows\System32\rasadhlp.dll
0x00007ffaeee30000 - 0x00007ffaeeeb5000 	C:\WINDOWS\System32\fwpuclnt.dll
0x00007ffadf260000 - 0x00007ffadf269000 	C:\Users\OORNEE MITRA\.vscode\extensions\redhat.java-1.43.1-win32-x64\jre\21.0.7-win32-x86_64\bin\extnet.dll

dbghelp: loaded successfully - version: 4.0.5 - missing functions: none
symbol engine: initialized successfully - sym options: 0x614 - pdb path: .;c:\Users\OORNEE MITRA\.vscode\extensions\redhat.java-1.43.1-win32-x64\jre\21.0.7-win32-x86_64\bin;C:\WINDOWS\SYSTEM32;C:\WINDOWS\WinSxS\amd64_microsoft.windows.common-controls_6595b64144ccf1df_6.0.26100.3037_none_3e09262ce333c378;c:\Users\OORNEE MITRA\.vscode\extensions\redhat.java-1.43.1-win32-x64\jre\21.0.7-win32-x86_64\bin\server;C:\Users\OORNEE MITRA\AppData\Roaming\Code\User\globalStorage\redhat.java\1.43.1\config_win\org.eclipse.equinox.launcher\org.eclipse.equinox.launcher.win32.win32.x86_64_1.2.1300.v20250331-1702;C:\Users\OORNEE MITRA\AppData\Local\Temp\jna-998173443

VM Arguments:
jvm_args: --add-modules=ALL-SYSTEM --add-opens=java.base/java.util=ALL-UNNAMED --add-opens=java.base/java.lang=ALL-UNNAMED --add-opens=java.base/sun.nio.fs=ALL-UNNAMED -Declipse.application=org.eclipse.jdt.ls.core.id1 -Dosgi.bundles.defaultStartLevel=4 -Declipse.product=org.eclipse.jdt.ls.core.product -Djava.import.generatesMetadataFilesAtProjectRoot=false -DDetectVMInstallationsJob.disabled=true -Dfile.encoding=utf8 -XX:+UseParallelGC -XX:GCTimeRatio=4 -XX:AdaptiveSizePolicyWeight=90 -Dsun.zip.disableMemoryMapping=true -Xmx2G -Xms100m -Xlog:disable -javaagent:c:\Users\OORNEE MITRA\.vscode\extensions\redhat.java-1.43.1-win32-x64\lombok\lombok-1.18.39-4050.jar -XX:+HeapDumpOnOutOfMemoryError -XX:HeapDumpPath=c:\Users\OORNEE MITRA\AppData\Roaming\Code\User\workspaceStorage\2830fa471c012afa282725be1a945859\redhat.java -Daether.dependencyCollector.impl=bf 
java_command: c:\Users\OORNEE MITRA\.vscode\extensions\redhat.java-1.43.1-win32-x64\server\plugins\org.eclipse.equinox.launcher_1.7.0.v20250519-0528.jar -configuration c:\Users\OORNEE MITRA\AppData\Roaming\Code\User\globalStorage\redhat.java\1.43.1\config_win -data c:\Users\OORNEE MITRA\AppData\Roaming\Code\User\workspaceStorage\2830fa471c012afa282725be1a945859\redhat.java\jdt_ws --pipe=\\.\pipe\lsp-e903c693ad6df2b1006c739ac21646b7-sock
java_class_path (initial): c:\Users\OORNEE MITRA\.vscode\extensions\redhat.java-1.43.1-win32-x64\server\plugins\org.eclipse.equinox.launcher_1.7.0.v20250519-0528.jar
Launcher Type: SUN_STANDARD

[Global flags]
    uintx AdaptiveSizePolicyWeight                 = 90                                        {product} {command line}
     intx CICompilerCount                          = 4                                         {product} {ergonomic}
    uintx GCTimeRatio                              = 4                                         {product} {command line}
     bool HeapDumpOnOutOfMemoryError               = true                                   {manageable} {command line}
    ccstr HeapDumpPath                             = c:\Users\OORNEE MITRA\AppData\Roaming\Code\User\workspaceStorage\2830fa471c012afa282725be1a945859\redhat.java         {manageable} {command line}
   size_t InitialHeapSize                          = 104857600                                 {product} {command line}
   size_t MaxHeapSize                              = 2147483648                                {product} {command line}
   size_t MaxNewSize                               = 715653120                                 {product} {ergonomic}
   size_t MinHeapDeltaBytes                        = 524288                                    {product} {ergonomic}
   size_t MinHeapSize                              = 104857600                                 {product} {command line}
   size_t NewSize                                  = 34603008                                  {product} {ergonomic}
    uintx NonNMethodCodeHeapSize                   = 5839372                                {pd product} {ergonomic}
    uintx NonProfiledCodeHeapSize                  = 122909434                              {pd product} {ergonomic}
   size_t OldSize                                  = 70254592                                  {product} {ergonomic}
    uintx ProfiledCodeHeapSize                     = 122909434                              {pd product} {ergonomic}
    uintx ReservedCodeCacheSize                    = 251658240                              {pd product} {ergonomic}
     bool SegmentedCodeCache                       = true                                      {product} {ergonomic}
   size_t SoftMaxHeapSize                          = 2147483648                             {manageable} {ergonomic}
     bool UseCompressedOops                        = true                           {product lp64_product} {ergonomic}
     bool UseLargePagesIndividualAllocation        = false                                  {pd product} {ergonomic}
     bool UseParallelGC                            = true                                      {product} {command line}

Logging:
Log output configuration:
 #0: stdout all=off uptime,level,tags foldmultilines=false
 #1: stderr all=off uptime,level,tags foldmultilines=false

Environment Variables:
JAVA_HOME=C:\Program Files\Java\jdk-20
PATH=C:\New folder\Scripts\;C:\New folder\;C:\Program Files\Common Files\Oracle\Java\javapath;C:\WINDOWS\system32;C:\WINDOWS;C:\WINDOWS\System32\Wbem;C:\WINDOWS\System32\WindowsPowerShell\v1.0\;C:\WINDOWS\System32\OpenSSH\;C:\Program Files\Java\jdk-20\bin;C:\Program Files\HP\HP One Agent;C:\mingw64\bin;C:\MinGW\bin;C:\Program Files\Git\cmd;C:\Program Files\Git\mingw64\bin;C:\Program Files\Git\usr\bin;C:\ProgramData\chocolatey\bin;C:\WINDOWS\system32;C:\WINDOWS;C:\WINDOWS\System32\Wbem;C:\WINDOWS\System32\WindowsPowerShell\v1.0\;C:\WINDOWS\System32\OpenSSH\;C:\Program Files\nodejs\;C:\Program Files\Java\jdk-24\bin;C:\Users\OORNEE MITRA\AppData\Local\Microsoft\WindowsApps;C:\Program Files\JetBrains\PyCharm Community Edition 2023.3.4\bin;;C:\MinGW\bin;C:\Users\OORNEE MITRA\AppData\Local\GitHubDesktop\bin;C:\Users\OORNEE MITRA\AppData\Local\Programs\Microsoft VS Code\bin;C:\Users\OORNEE MITRA\AppData\Roaming\npm
USERNAME=OORNEE MITRA
OS=Windows_NT
PROCESSOR_IDENTIFIER=AMD64 Family 23 Model 24 Stepping 1, AuthenticAMD
TMP=C:\Users\OORNEE~1\AppData\Local\Temp
TEMP=C:\Users\OORNEE~1\AppData\Local\Temp




Periodic native trim disabled

---------------  S Y S T E M  ---------------

OS:
 Windows 11 , 64 bit Build 26100 (10.0.26100.3037)
OS uptime: 0 days 6:40 hours

CPU: total 8 (initial active 8) (8 cores per cpu, 2 threads per core) family 23 model 24 stepping 1 microcode 0x8108109, cx8, cmov, fxsr, ht, mmx, 3dnowpref, sse, sse2, sse3, ssse3, sse4a, sse4.1, sse4.2, popcnt, lzcnt, tsc, tscinvbit, avx, avx2, aes, clmul, bmi1, bmi2, adx, sha, fma, vzeroupper, clflush, clflushopt, rdtscp, f16c
Processor Information for the first 8 processors :
  Max Mhz: 2100, Current Mhz: 2100, Mhz Limit: 2100

Memory: 4k page, system-wide physical 6055M (370M free)
TotalPageFile size 18343M (AvailPageFile size 6562M)
current process WorkingSet (physical memory assigned to process): 1232M, peak: 1233M
current process commit charge ("private bytes"): 1750M, peak: 1751M

vm_info: OpenJDK 64-Bit Server VM (21.0.7+6-LTS) for windows-amd64 JRE (21.0.7+6-LTS), built on 2025-04-15T00:00:00Z by "admin" with MS VC++ 17.7 (VS2022)

END.
