#
# A fatal error has been detected by the Java Runtime Environment:
#
#  EXCEPTION_ACCESS_VIOLATION (0xc0000005) at pc=0x00007ff8f4bdc49e, pid=5828, tid=23240
#
# JRE version: OpenJDK Runtime Environment Temurin-21.0.8+9 (21.0.8+9) (build 21.0.8+9-LTS)
# Java VM: OpenJDK 64-Bit Server VM Temurin-21.0.8+9 (21.0.8+9-LTS, mixed mode, sharing, tiered, compressed oops, compressed class ptrs, parallel gc, windows-amd64)
# Problematic frame:
# V  [jvm.dll+0xc49e]
#
# No core dump will be written. Minidumps are not enabled by default on client versions of Windows
#
# If you would like to submit a bug report, please visit:
#   https://github.com/adoptium/adoptium-support/issues
#

---------------  S U M M A R Y ------------

Command Line: --add-modules=ALL-SYSTEM --add-opens=java.base/java.util=ALL-UNNAMED --add-opens=java.base/java.lang=ALL-UNNAMED --add-opens=java.base/sun.nio.fs=ALL-UNNAMED -Declipse.application=org.eclipse.jdt.ls.core.id1 -Dosgi.bundles.defaultStartLevel=4 -Declipse.product=org.eclipse.jdt.ls.core.product -Djava.import.generatesMetadataFilesAtProjectRoot=false -DDetectVMInstallationsJob.disabled=true -Dfile.encoding=utf8 -XX:+UseParallelGC -XX:GCTimeRatio=4 -XX:AdaptiveSizePolicyWeight=90 -Dsun.zip.disableMemoryMapping=true -Xmx2G -Xms100m -Xlog:disable -javaagent:c:\Users\OORNEE MITRA\.vscode\extensions\redhat.java-1.47.0-win32-x64\lombok\lombok-1.18.39-4050.jar c:\Users\OORNEE MITRA\.vscode\extensions\redhat.java-1.47.0-win32-x64\server\plugins\org.eclipse.equinox.launcher_1.7.100.v20251014-1222.jar -configuration c:\Users\OORNEE MITRA\AppData\Roaming\Code\User\globalStorage\redhat.java\1.47.0\config_ss_win -data c:\Users\OORNEE MITRA\AppData\Roaming\Code\User\workspaceStorage\2830fa471c012afa282725be1a945859\redhat.java\ss_ws --pipe=\\.\pipe\lsp-bd42a8527851b259b62d038864d4125e-sock

Host: AMD Ryzen 5 3500U with Radeon Vega Mobile Gfx  , 8 cores, 5G,  Windows 11 , 64 bit Build 26100 (10.0.26100.3037)
Time: Sat Nov  1 00:31:45 2025 India Standard Time elapsed time: 24.700659 seconds (0d 0h 0m 24s)

---------------  T H R E A D  ---------------

Current thread (0x000001b492c0a4f0):  WorkerThread "GC Thread#2"    [id=23240, stack(0x00000080e3800000,0x00000080e3900000) (1024K)]

Stack: [0x00000080e3800000,0x00000080e3900000],  sp=0x00000080e38ff8d8,  free space=1022k
Native frames: (J=compiled Java code, j=interpreted, Vv=VM code, C=native code)
V  [jvm.dll+0xc49e]


siginfo: EXCEPTION_ACCESS_VIOLATION (0xc0000005), reading address 0x00000000d759abe0


Registers:
RAX=0x0000000000000001, RBX=0x00000000d759abd8, RCX=0x00000000d759abd8, RDX=0x00000000d759abd8
RSP=0x00000080e38ff8d8, RBP=0x00000080e38ff9c0, RSI=0x000000008038243c, RDI=0x000001b4390a9f00
R8 =0x00000000002bacd5, R9 =0x000000000000027c, R10=0x0000000080382440, R11=0x0000000000000007
R12=0x00007ff8f580f250, R13=0x00000080e38ffb68, R14=0x000001b4501a2858, R15=0x0000000080382420
RIP=0x00007ff8f4bdc49e, EFLAGS=0x0000000000010202

XMM[0]=0x00000080e3fff4d0 0x0000010000000000
XMM[1]=0x0000000000000000 0x00000080e3fff2f0
XMM[2]=0x0000000000000000 0x0000000000000000
XMM[3]=0x0000000000000000 0x0000000000000000
XMM[4]=0x0000000000000000 0x0000000000000000
XMM[5]=0x0000000000000000 0x0000000000000000
XMM[6]=0x0000000000000000 0x0000000000000000
XMM[7]=0x0000000000000000 0x0000000000000000
XMM[8]=0x0000000000000000 0x0000000000000000
XMM[9]=0x0000000000000000 0x0000000000000000
XMM[10]=0x0000000000000000 0x0000000000000000
XMM[11]=0x0000000000000000 0x0000000000000000
XMM[12]=0x0000000000000000 0x0000000000000000
XMM[13]=0x0000000000000000 0x0000000000000000
XMM[14]=0x0000000000000000 0x0000000000000000
XMM[15]=0x0000000000000000 0x0000000000000000
  MXCSR=0x00001fa0


Register to memory mapping:

RAX=0x0000000000000001 is an unknown value
RBX=0x00000000d759abd8 is an unallocated location in the heap
RCX=0x00000000d759abd8 is an unallocated location in the heap
RDX=0x00000000d759abd8 is an unallocated location in the heap
RSP=0x00000080e38ff8d8 points into unknown readable memory: 0x00007ff8f52ae99e | 9e e9 2a f5 f8 7f 00 00
RBP=0x00000080e38ff9c0 points into unknown readable memory: 0x00007ff8f5661be0 | e0 1b 66 f5 f8 7f 00 00
RSI=0x000000008038243c is pointing into object: java.util.HashMap$Node 
{0x0000000080382420} - klass: 'java/util/HashMap$Node'
 - ---- fields (total size 4 words):
 - final 'hash' 'I' @12  -1474755441 (0xa819048f)
 - final 'key' 'Ljava/lang/Object;' @16  "documentCreationPoint"{0x0000000080382440} (0x80382440)
 - 'value' 'Ljava/lang/Object;' @20  
[error occurred during error reporting (printing register info), id 0xc0000005, EXCEPTION_ACCESS_VIOLATION (0xc0000005) at pc=0x00007ff8f528d2cd]
RDI=0x000001b4390a9f00 points into unknown readable memory: 0x000001b436dfbb40 | 40 bb df 36 b4 01 00 00
R8 =0x00000000002bacd5 is an unknown value
R9 =0x000000000000027c is an unknown value
R10=0x0000000080382440 is an oop: java.lang.String 
{0x0000000080382440} - klass: 'java/lang/String'
 - string: "documentCreationPoint"
 - ---- fields (total size 3 words):
 - private 'hash' 'I' @12  -1474712426 (0xa819ac96)
 - private final 'coder' 'B' @16  0 (0x00)
 - private 'hashIsZero' 'Z' @17  false (0x00)
 - injected 'flags' 'B' @18  0 (0x00)
 - private final 'value' '[B' @20  [B{0x0000000080382458} (0x80382458)
R11=0x0000000000000007 is an unknown value
R12=0x00007ff8f580f250 jvm.dll
R13=0x00000080e38ffb68 points into unknown readable memory: 0x00007ff8f5662630 | 30 26 66 f5 f8 7f 00 00
R14={method} {0x000001b4501a2860} 'equals' '(Ljava/lang/Object;)Z' in 'java/util/HashMap$Node'
R15=0x0000000080382420 is an oop: java.util.HashMap$Node 
{0x0000000080382420} - klass: 'java/util/HashMap$Node'
 - ---- fields (total size 4 words):
 - final 'hash' 'I' @12  -1474755441 (0xa819048f)
 - final 'key' 'Ljava/lang/Object;' @16  "documentCreationPoint"{0x0000000080382440} (0x80382440)
 - 'value' 'Ljava/lang/Object;' @20  
[error occurred during error reporting (printing register info, attempt 2), id 0xc0000005, EXCEPTION_ACCESS_VIOLATION (0xc0000005) at pc=0x00007ff8f528d2cd]

Top of Stack: (sp=0x00000080e38ff8d8)
0x00000080e38ff8d8:   00007ff8f52ae99e 0000000080382440
0x00000080e38ff8e8:   000001b4390a9f00 00000080e38ff9c0
0x00000080e38ff8f8:   00007ff8f52ad9d9 00000000d759abd8
0x00000080e38ff908:   00007ff8f52ac1c6 000001b492452ac8
0x00000080e38ff918:   00007ff8f52aea7a 0000000080382420
0x00000080e38ff928:   000000008038241c 000001b4501a2850
0x00000080e38ff938:   00007ff8f52aca7e 0000000080382434
0x00000080e38ff948:   00007ff8f52d6a48 0000000000000000
0x00000080e38ff958:   00007ff8f580f250 00007ff8f5661be0
0x00000080e38ff968:   0000000000000000 0000000080382420
0x00000080e38ff978:   00007ff8f52d7513 000000000000027c
0x00000080e38ff988:   000001b4390a9f00 00007ff8f55c07b0
0x00000080e38ff998:   0000000000000000 0000000000000000
0x00000080e38ff9a8:   0000000000000000 0000000000000000
0x00000080e38ff9b8:   0000000000000000 00007ff8f5661be0
0x00000080e38ff9c8:   000001b4390233c0 0000000000000004
0x00000080e38ff9d8:   000001b4390a9f00 000001b4972d0970
0x00000080e38ff9e8:   000001b492523448 00000000000003d8
0x00000080e38ff9f8:   0000000000000000 000001b492523060
0x00000080e38ffa08:   00007ff8f52d6c08 000001b4972d0970
0x00000080e38ffa18:   00000080e38ffa90 000001b492b8d580
0x00000080e38ffa28:   000001b4390a9f00 00000080e38ffa80
0x00000080e38ffa38:   00000080e38ffa90 0000000000000000
0x00000080e38ffa48:   0000000000000000 000001b492523070
0x00000080e38ffa58:   00007ff8f52db09d 000001b4390a9f00
0x00000080e38ffa68:   000001b492523060 000001b492b8d580
0x00000080e38ffa78:   000001b4390a9f00 00007ff8f5662450
0x00000080e38ffa88:   000001b4390a9f00 00007ff8f55ff048
0x00000080e38ffa98:   00000080e38ffa80 0000000000000000
0x00000080e38ffaa8:   00007ff8f52e2601 0000000000000001
0x00000080e38ffab8:   000001b4972d0970 00000080e2bfed30
0x00000080e38ffac8:   000001b4390a9f00 000001b497b344b0 

Instructions: (pc=0x00007ff8f4bdc49e)
0x00007ff8f4bdc39e:   13 74 16 48 85 05 d0 4a cd 00 74 0d 48 8b c8 f0
0x00007ff8f4bdc3ae:   48 0f b1 13 48 3b c1 75 ea 48 8b 5c 24 30 48 8b
0x00007ff8f4bdc3be:   c2 48 83 c4 20 5f c3 cc cc cc cc cc cc cc cc cc
0x00007ff8f4bdc3ce:   cc cc 48 8b 11 e9 08 f6 ff ff cc cc cc cc cc cc
0x00007ff8f4bdc3de:   cc cc 4c 8b c1 ba 64 60 08 00 48 8b 0d b1 16 c8
0x00007ff8f4bdc3ee:   00 e9 5c ea ff ff cc cc cc cc cc cc cc cc cc cc
0x00007ff8f4bdc3fe:   cc cc 48 8b 05 b1 66 cd 00 48 8b d1 48 23 c1 48
0x00007ff8f4bdc40e:   a9 00 f0 00 00 75 5d 48 8b 05 94 66 cd 00 48 23
0x00007ff8f4bdc41e:   c1 48 a9 00 f0 00 00 75 43 0f b6 c2 24 30 3c 30
0x00007ff8f4bdc42e:   74 3a 48 c1 e9 0c 48 8d 05 f5 4a 94 00 83 e1 0f
0x00007ff8f4bdc43e:   8b 0c 88 48 8b 05 30 66 cd 00 48 d3 ea 48 c1 e8
0x00007ff8f4bdc44e:   15 48 c1 ea 15 48 23 d0 48 8b 05 13 69 cd 00 48
0x00007ff8f4bdc45e:   8b 48 60 48 8b 04 d1 48 85 c0 75 08 48 8b 05 07
0x00007ff8f4bdc46e:   69 cd 00 c3 48 8b 05 f7 68 cd 00 c3 cc cc cc cc
0x00007ff8f4bdc47e:   cc cc 8b 05 b2 3b c2 00 c3 cc cc cc cc cc cc cc
0x00007ff8f4bdc48e:   cc cc 0f b6 05 d8 50 c2 00 48 8b d1 84 c0 74 16
0x00007ff8f4bdc49e:   44 8b 41 08 8b 0d 90 3b c2 00 49 d3 e0 4c 03 05
0x00007ff8f4bdc4ae:   7e 3b c2 00 eb 04 4c 8b 41 08 45 8b 48 08 45 85
0x00007ff8f4bdc4be:   c9 7e 0e 41 f6 c1 01 75 53 41 c1 f9 03 49 63 c1
0x00007ff8f4bdc4ce:   c3 79 49 84 c0 41 b8 0c 00 00 00 8b 05 c9 4c c2
0x00007ff8f4bdc4de:   00 b9 10 00 00 00 41 0f 45 c8 ff c8 4c 63 c0 41
0x00007ff8f4bdc4ee:   8b c1 48 c1 f8 10 0f b6 c0 48 63 14 11 41 8b c9
0x00007ff8f4bdc4fe:   83 e1 3f 48 d3 e2 49 8d 0c 10 49 f7 d0 48 03 c1
0x00007ff8f4bdc50e:   49 c1 e8 03 48 c1 e8 03 49 23 c0 c3 49 8b 00 49
0x00007ff8f4bdc51e:   8b c8 48 ff a0 00 01 00 00 cc cc cc cc cc cc cc
0x00007ff8f4bdc52e:   cc cc 8b 44 24 30 45 03 c9 44 2b 4c 24 28 83 c0
0x00007ff8f4bdc53e:   0b 44 03 ca 45 03 c8 41 03 c1 c3 cc cc cc cc cc
0x00007ff8f4bdc54e:   cc cc 4c 8b c2 48 8b d1 45 8b 48 08 45 85 c9 7e
0x00007ff8f4bdc55e:   0e 41 f6 c1 01 75 56 41 c1 f9 03 49 63 c1 c3 79
0x00007ff8f4bdc56e:   4c 80 3d f9 4f c2 00 00 b8 0c 00 00 00 b9 10 00
0x00007ff8f4bdc57e:   00 00 0f 45 c8 8b 05 1f 4c c2 00 ff c8 4c 63 c0
0x00007ff8f4bdc58e:   41 8b c1 48 c1 f8 10 48 63 14 11 41 8b c9 83 e1 


Stack slot to memory mapping:

stack at sp + 0 slots: 0x00007ff8f52ae99e jvm.dll
stack at sp + 1 slots: 0x0000000080382440 is an oop: java.lang.String 
{0x0000000080382440} - klass: 'java/lang/String'
 - string: "documentCreationPoint"
 - ---- fields (total size 3 words):
 - private 'hash' 'I' @12  -1474712426 (0xa819ac96)
 - private final 'coder' 'B' @16  0 (0x00)
 - private 'hashIsZero' 'Z' @17  false (0x00)
 - injected 'flags' 'B' @18  0 (0x00)
 - private final 'value' '[B' @20  [B{0x0000000080382458} (0x80382458)
stack at sp + 2 slots: 0x000001b4390a9f00 points into unknown readable memory: 0x000001b436dfbb40 | 40 bb df 36 b4 01 00 00
stack at sp + 3 slots: 0x00000080e38ff9c0 points into unknown readable memory: 0x00007ff8f5661be0 | e0 1b 66 f5 f8 7f 00 00
stack at sp + 4 slots: 0x00007ff8f52ad9d9 jvm.dll
stack at sp + 5 slots: 0x00000000d759abd8 is an unallocated location in the heap
stack at sp + 6 slots: 0x00007ff8f52ac1c6 jvm.dll
stack at sp + 7 slots: 0x000001b492452ac8 points into unknown readable memory: 0x000000008050ccf8 | f8 cc 50 80 00 00 00 00


---------------  P R O C E S S  ---------------

Threads class SMR info:
_java_thread_list=0x000001b4979d6200, length=30, elements={
0x000001b4390115f0, 0x000001b438f7f210, 0x000001b438f80bb0, 0x000001b438f83680,
0x000001b438f84170, 0x000001b438f864a0, 0x000001b438f89740, 0x000001b438f95bd0,
0x000001b438f992d0, 0x000001b43907b350, 0x000001b4925f7300, 0x000001b492d87fa0,
0x000001b492c98360, 0x000001b492cac9e0, 0x000001b4972ad180, 0x000001b492466a80,
0x000001b49255ec80, 0x000001b49255f2e0, 0x000001b49255f940, 0x000001b4972cef30,
0x000001b4972cfc50, 0x000001b4972ce8a0, 0x000001b4972cf5c0, 0x000001b4972d0970,
0x000001b4972d1d20, 0x000001b4972d1690, 0x000001b4972d02e0, 0x000001b4972d1000,
0x000001b438f98c00, 0x000001b438f9b4e0
}

Java Threads: ( => current thread )
  0x000001b4390115f0 JavaThread "main"                              [_thread_blocked, id=22356, stack(0x00000080e2800000,0x00000080e2900000) (1024K)]
  0x000001b438f7f210 JavaThread "Reference Handler"          daemon [_thread_blocked, id=3540, stack(0x00000080e2c00000,0x00000080e2d00000) (1024K)]
  0x000001b438f80bb0 JavaThread "Finalizer"                  daemon [_thread_blocked, id=20580, stack(0x00000080e2d00000,0x00000080e2e00000) (1024K)]
  0x000001b438f83680 JavaThread "Signal Dispatcher"          daemon [_thread_blocked, id=16244, stack(0x00000080e2e00000,0x00000080e2f00000) (1024K)]
  0x000001b438f84170 JavaThread "Attach Listener"            daemon [_thread_blocked, id=20704, stack(0x00000080e2f00000,0x00000080e3000000) (1024K)]
  0x000001b438f864a0 JavaThread "Service Thread"             daemon [_thread_blocked, id=16048, stack(0x00000080e3000000,0x00000080e3100000) (1024K)]
  0x000001b438f89740 JavaThread "Monitor Deflation Thread"   daemon [_thread_blocked, id=17644, stack(0x00000080e3100000,0x00000080e3200000) (1024K)]
  0x000001b438f95bd0 JavaThread "C2 CompilerThread0"         daemon [_thread_blocked, id=20600, stack(0x00000080e3200000,0x00000080e3300000) (1024K)]
  0x000001b438f992d0 JavaThread "C1 CompilerThread0"         daemon [_thread_blocked, id=20572, stack(0x00000080e3300000,0x00000080e3400000) (1024K)]
  0x000001b43907b350 JavaThread "Common-Cleaner"             daemon [_thread_blocked, id=25508, stack(0x00000080e3400000,0x00000080e3500000) (1024K)]
  0x000001b4925f7300 JavaThread "Notification Thread"        daemon [_thread_blocked, id=15812, stack(0x00000080e3500000,0x00000080e3600000) (1024K)]
  0x000001b492d87fa0 JavaThread "Active Thread: Equinox Container: 8bd1b920-8925-486f-b6b2-f601efed2e51"        [_thread_blocked, id=23560, stack(0x00000080e4200000,0x00000080e4300000) (1024K)]
  0x000001b492c98360 JavaThread "Framework Event Dispatcher: Equinox Container: 8bd1b920-8925-486f-b6b2-f601efed2e51" daemon [_thread_blocked, id=22300, stack(0x00000080e3600000,0x00000080e3700000) (1024K)]
  0x000001b492cac9e0 JavaThread "Start Level: Equinox Container: 8bd1b920-8925-486f-b6b2-f601efed2e51" daemon [_thread_blocked, id=11520, stack(0x00000080e3d00000,0x00000080e3e00000) (1024K)]
  0x000001b4972ad180 JavaThread "Refresh Thread: Equinox Container: 8bd1b920-8925-486f-b6b2-f601efed2e51" daemon [_thread_blocked, id=11136, stack(0x00000080e4000000,0x00000080e4100000) (1024K)]
  0x000001b492466a80 JavaThread "Equinox resolver thread - Equinox Container: 8bd1b920-8925-486f-b6b2-f601efed2e51" daemon [_thread_blocked, id=21024, stack(0x00000080e4100000,0x00000080e4200000) (1024K)]
  0x000001b49255ec80 JavaThread "Equinox resolver thread - Equinox Container: 8bd1b920-8925-486f-b6b2-f601efed2e51" daemon [_thread_blocked, id=7992, stack(0x00000080e4300000,0x00000080e4400000) (1024K)]
  0x000001b49255f2e0 JavaThread "Equinox resolver thread - Equinox Container: 8bd1b920-8925-486f-b6b2-f601efed2e51" daemon [_thread_blocked, id=20952, stack(0x00000080e4400000,0x00000080e4500000) (1024K)]
  0x000001b49255f940 JavaThread "Equinox resolver thread - Equinox Container: 8bd1b920-8925-486f-b6b2-f601efed2e51" daemon [_thread_blocked, id=10188, stack(0x00000080e4500000,0x00000080e4600000) (1024K)]
  0x000001b4972cef30 JavaThread "Equinox resolver thread - Equinox Container: 8bd1b920-8925-486f-b6b2-f601efed2e51" daemon [_thread_blocked, id=3272, stack(0x00000080e4600000,0x00000080e4700000) (1024K)]
  0x000001b4972cfc50 JavaThread "Equinox resolver thread - Equinox Container: 8bd1b920-8925-486f-b6b2-f601efed2e51" daemon [_thread_blocked, id=18552, stack(0x00000080e4700000,0x00000080e4800000) (1024K)]
  0x000001b4972ce8a0 JavaThread "Equinox resolver thread - Equinox Container: 8bd1b920-8925-486f-b6b2-f601efed2e51" daemon [_thread_blocked, id=20024, stack(0x00000080e4800000,0x00000080e4900000) (1024K)]
  0x000001b4972cf5c0 JavaThread "Equinox resolver thread - Equinox Container: 8bd1b920-8925-486f-b6b2-f601efed2e51" daemon [_thread_blocked, id=25412, stack(0x00000080e4900000,0x00000080e4a00000) (1024K)]
  0x000001b4972d0970 JavaThread "SCR Component Actor"        daemon [_thread_blocked, id=7984, stack(0x00000080e3f00000,0x00000080e4000000) (1024K)]
  0x000001b4972d1d20 JavaThread "Worker-JM"                         [_thread_blocked, id=1636, stack(0x00000080e4a00000,0x00000080e4b00000) (1024K)]
  0x000001b4972d1690 JavaThread "JNA Cleaner"                daemon [_thread_blocked, id=24848, stack(0x00000080e4b00000,0x00000080e4c00000) (1024K)]
  0x000001b4972d02e0 JavaThread "Worker-0"                          [_thread_blocked, id=23364, stack(0x00000080e4c00000,0x00000080e4d00000) (1024K)]
  0x000001b4972d1000 JavaThread "Worker-1"                          [_thread_blocked, id=22052, stack(0x00000080e4d00000,0x00000080e4e00000) (1024K)]
  0x000001b438f98c00 JavaThread "C2 CompilerThread1"         daemon [_thread_blocked, id=17640, stack(0x00000080e4e00000,0x00000080e4f00000) (1024K)]
  0x000001b438f9b4e0 JavaThread "C2 CompilerThread2"         daemon [_thread_blocked, id=20496, stack(0x00000080e4f00000,0x00000080e5000000) (1024K)]
Total: 30

Other Threads:
  0x000001b4390aa880 VMThread "VM Thread"                           [id=2808, stack(0x00000080e2b00000,0x00000080e2c00000) (1024K)]
  0x000001b438e8ca00 WatcherThread "VM Periodic Task Thread"        [id=18156, stack(0x00000080e2a00000,0x00000080e2b00000) (1024K)]
  0x000001b439022ab0 WorkerThread "GC Thread#0"                     [id=3064, stack(0x00000080e2900000,0x00000080e2a00000) (1024K)]
  0x000001b492c0a150 WorkerThread "GC Thread#1"                     [id=19932, stack(0x00000080e3700000,0x00000080e3800000) (1024K)]
=>0x000001b492c0a4f0 WorkerThread "GC Thread#2"                     [id=23240, stack(0x00000080e3800000,0x00000080e3900000) (1024K)]
  0x000001b492bd48a0 WorkerThread "GC Thread#3"                     [id=3984, stack(0x00000080e3900000,0x00000080e3a00000) (1024K)]
  0x000001b492d36eb0 WorkerThread "GC Thread#4"                     [id=16752, stack(0x00000080e3a00000,0x00000080e3b00000) (1024K)]
  0x000001b492bd4c40 WorkerThread "GC Thread#5"                     [id=17064, stack(0x00000080e3b00000,0x00000080e3c00000) (1024K)]
  0x000001b492bd4fe0 WorkerThread "GC Thread#6"                     [id=18708, stack(0x00000080e3c00000,0x00000080e3d00000) (1024K)]
  0x000001b492d13070 WorkerThread "GC Thread#7"                     [id=20784, stack(0x00000080e3e00000,0x00000080e3f00000) (1024K)]
Total: 10

Threads with active compile tasks:
C2 CompilerThread0  24790 3254       4       java.lang.invoke.MethodType::makeImpl (109 bytes)
Total: 1

VM state: at safepoint (normal execution)

VM Mutex/Monitor currently owned by a thread:  ([mutex/lock_event])
[0x00007ff8f5885458] Threads_lock - owner thread: 0x000001b4390aa880
[0x00007ff8f5885558] Heap_lock - owner thread: 0x000001b492cac9e0

Heap address: 0x0000000080000000, size: 2048 MB, Compressed Oops mode: 32-bit

CDS archive(s) mapped at: [0x000001b450000000-0x000001b450ba0000-0x000001b450ba0000), size 12189696, SharedBaseAddress: 0x000001b450000000, ArchiveRelocationMode: 1.
Compressed class space mapped at: 0x000001b451000000-0x000001b491000000, reserved size: 1073741824
Narrow klass base: 0x000001b450000000, Narrow klass shift: 0, Narrow klass range: 0x100000000

GC Precious Log:
 CardTable entry size: 512
 CPUs: 8 total, 8 available
 Memory: 6055M
 Large Page Support: Disabled
 NUMA Support: Disabled
 Compressed Oops: Enabled (32-bit)
 Alignments: Space 512K, Generation 512K, Heap 2M
 Heap Min Capacity: 100M
 Heap Initial Capacity: 100M
 Heap Max Capacity: 2G
 Pre-touch: Disabled
 Parallel Workers: 8

Heap:
 PSYoungGen      total 28160K, used 3291K [0x00000000d5580000, 0x00000000d7580000, 0x0000000100000000)
  eden space 24576K, 0% used [0x00000000d5580000,0x00000000d5580000,0x00000000d6d80000)
  from space 3584K, 91% used [0x00000000d6e80000,0x00000000d71b6c68,0x00000000d7200000)
  to   space 3584K, 0% used [0x00000000d7200000,0x00000000d7200000,0x00000000d7580000)
 ParOldGen       total 68608K, used 7348K [0x0000000080000000, 0x0000000084300000, 0x00000000d5580000)
  object space 68608K, 10% used [0x0000000080000000,0x000000008072d150,0x0000000084300000)
 Metaspace       used 20819K, committed 21504K, reserved 1114112K
  class space    used 2051K, committed 2368K, reserved 1048576K

Card table byte_map: [0x000001b4389a0000,0x000001b438db0000] _byte_map_base: 0x000001b4385a0000

Marking Bits: (ParMarkBitMap*) 0x00007ff8f588a340
 Begin Bits: [0x000001b44b4a0000, 0x000001b44d4a0000)
 End Bits:   [0x000001b44d4a0000, 0x000001b44f4a0000)

Polling page: 0x000001b436e30000

Metaspace:

Usage:
  Non-class:     18.33 MB used.
      Class:      2.00 MB used.
       Both:     20.33 MB used.

Virtual space:
  Non-class space:       64.00 MB reserved,      18.69 MB ( 29%) committed,  1 nodes.
      Class space:        1.00 GB reserved,       2.31 MB ( <1%) committed,  1 nodes.
             Both:        1.06 GB reserved,      21.00 MB (  2%) committed. 

Chunk freelists:
   Non-Class:  13.00 MB
       Class:  13.67 MB
        Both:  26.67 MB

MaxMetaspaceSize: unlimited
CompressedClassSpaceSize: 1.00 GB
Initial GC threshold: 21.00 MB
Current GC threshold: 21.00 MB
CDS: on
 - commit_granule_bytes: 65536.
 - commit_granule_words: 8192.
 - virtual_space_node_default_size: 8388608.
 - enlarge_chunks_in_place: 1.
 - use_allocation_guard: 0.


Internal statistics:

num_allocs_failed_limit: 3.
num_arena_births: 496.
num_arena_deaths: 0.
num_vsnodes_births: 2.
num_vsnodes_deaths: 0.
num_space_committed: 336.
num_space_uncommitted: 0.
num_chunks_returned_to_freelist: 3.
num_chunks_taken_from_freelist: 1245.
num_chunk_merges: 3.
num_chunk_splits: 811.
num_chunks_enlarged: 536.
num_inconsistent_stats: 0.

CodeHeap 'non-profiled nmethods': size=120000Kb used=1416Kb max_used=1416Kb free=118583Kb
 bounds [0x000001b443cc0000, 0x000001b443f30000, 0x000001b44b1f0000]
CodeHeap 'profiled nmethods': size=120000Kb used=6933Kb max_used=6933Kb free=113066Kb
 bounds [0x000001b43c1f0000, 0x000001b43c8c0000, 0x000001b443720000]
CodeHeap 'non-nmethods': size=5760Kb used=1300Kb max_used=1300Kb free=4459Kb
 bounds [0x000001b443720000, 0x000001b443990000, 0x000001b443cc0000]
CodeCache: size=245760Kb, used=9649Kb, max_used=9649Kb, free=236108Kb
 total_blobs=3996, nmethods=3415, adapters=487, full_count=0
Compilation: enabled, stopped_count=0, restarted_count=0

Compilation events (20 events):
Event: 24.277 Thread 0x000001b438f992d0 3409       3       org.lombokweb.asm.Symbol::getArgumentsAndReturnSizes (23 bytes)
Event: 24.277 Thread 0x000001b438f992d0 nmethod 3409 0x000001b43c8b2210 code [0x000001b43c8b23c0, 0x000001b43c8b2540]
Event: 24.277 Thread 0x000001b438f992d0 3410       3       org.lombokweb.asm.MethodWriter::visitMethodInsn (191 bytes)
Event: 24.279 Thread 0x000001b438f992d0 nmethod 3410 0x000001b43c8b2610 code [0x000001b43c8b2860, 0x000001b43c8b3020]
Event: 24.279 Thread 0x000001b438f992d0 3412       3       lombok.patcher.Hook::convertType (64 bytes)
Event: 24.280 Thread 0x000001b438f992d0 nmethod 3412 0x000001b43c8b3310 code [0x000001b43c8b3560, 0x000001b43c8b3c68]
Event: 24.280 Thread 0x000001b438f992d0 3411       3       org.lombokweb.asm.SymbolTable::addConstantMethodref (24 bytes)
Event: 24.280 Thread 0x000001b438f992d0 nmethod 3411 0x000001b43c8b4010 code [0x000001b43c8b41c0, 0x000001b43c8b4360]
Event: 24.280 Thread 0x000001b438f992d0 3413       3       org.lombokweb.asm.ByteVector::put11 (52 bytes)
Event: 24.280 Thread 0x000001b438f992d0 nmethod 3413 0x000001b43c8b4410 code [0x000001b43c8b45c0, 0x000001b43c8b47c8]
Event: 24.282 Thread 0x000001b438f992d0 3414       3       java.nio.CharBuffer::allocate (20 bytes)
Event: 24.283 Thread 0x000001b438f992d0 nmethod 3414 0x000001b43c8b4910 code [0x000001b43c8b4ae0, 0x000001b43c8b4cf8]
Event: 24.283 Thread 0x000001b438f992d0 3415       3       java.nio.charset.CharsetDecoder::flush (49 bytes)
Event: 24.284 Thread 0x000001b438f992d0 nmethod 3415 0x000001b43c8b4e10 code [0x000001b43c8b4fe0, 0x000001b43c8b53a8]
Event: 24.294 Thread 0x000001b438f98c00 3416       4       java.util.Arrays::rangeCheck (74 bytes)
Event: 24.295 Thread 0x000001b438f98c00 nmethod 3416 0x000001b443e20c10 code [0x000001b443e20da0, 0x000001b443e20e68]
Event: 24.296 Thread 0x000001b438f98c00 3417       4       java.util.concurrent.ConcurrentHashMap::addCount (280 bytes)
Event: 24.298 Thread 0x000001b438f9b4e0 3418       4       org.lombokweb.asm.MethodWriter::visitLabel (332 bytes)
Event: 24.306 Thread 0x000001b438f98c00 nmethod 3417 0x000001b443e20f10 code [0x000001b443e21100, 0x000001b443e214b0]
Event: 24.308 Thread 0x000001b438f9b4e0 nmethod 3418 0x000001b443e21810 code [0x000001b443e219c0, 0x000001b443e21e20]

GC Heap History (15 events):
Event: 3.455 GC heap before
{Heap before GC invocations=1 (full 0):
 PSYoungGen      total 29696K, used 25600K [0x00000000d5580000, 0x00000000d7680000, 0x0000000100000000)
  eden space 25600K, 100% used [0x00000000d5580000,0x00000000d6e80000,0x00000000d6e80000)
  from space 4096K, 0% used [0x00000000d7280000,0x00000000d7280000,0x00000000d7680000)
  to   space 4096K, 0% used [0x00000000d6e80000,0x00000000d6e80000,0x00000000d7280000)
 ParOldGen       total 68608K, used 0K [0x0000000080000000, 0x0000000084300000, 0x00000000d5580000)
  object space 68608K, 0% used [0x0000000080000000,0x0000000080000000,0x0000000084300000)
 Metaspace       used 4484K, committed 4736K, reserved 1114112K
  class space    used 488K, committed 576K, reserved 1048576K
}
Event: 3.476 GC heap after
{Heap after GC invocations=1 (full 0):
 PSYoungGen      total 29696K, used 3303K [0x00000000d5580000, 0x00000000d7680000, 0x0000000100000000)
  eden space 25600K, 0% used [0x00000000d5580000,0x00000000d5580000,0x00000000d6e80000)
  from space 4096K, 80% used [0x00000000d6e80000,0x00000000d71b9e98,0x00000000d7280000)
  to   space 4096K, 0% used [0x00000000d7280000,0x00000000d7280000,0x00000000d7680000)
 ParOldGen       total 68608K, used 8K [0x0000000080000000, 0x0000000084300000, 0x00000000d5580000)
  object space 68608K, 0% used [0x0000000080000000,0x0000000080002000,0x0000000084300000)
 Metaspace       used 4484K, committed 4736K, reserved 1114112K
  class space    used 488K, committed 576K, reserved 1048576K
}
Event: 19.758 GC heap before
{Heap before GC invocations=2 (full 0):
 PSYoungGen      total 29696K, used 28903K [0x00000000d5580000, 0x00000000d7680000, 0x0000000100000000)
  eden space 25600K, 100% used [0x00000000d5580000,0x00000000d6e80000,0x00000000d6e80000)
  from space 4096K, 80% used [0x00000000d6e80000,0x00000000d71b9e98,0x00000000d7280000)
  to   space 4096K, 0% used [0x00000000d7280000,0x00000000d7280000,0x00000000d7680000)
 ParOldGen       total 68608K, used 8K [0x0000000080000000, 0x0000000084300000, 0x00000000d5580000)
  object space 68608K, 0% used [0x0000000080000000,0x0000000080002000,0x0000000084300000)
 Metaspace       used 8347K, committed 8640K, reserved 1114112K
  class space    used 886K, committed 1024K, reserved 1048576K
}
Event: 19.764 GC heap after
{Heap after GC invocations=2 (full 0):
 PSYoungGen      total 29696K, used 4094K [0x00000000d5580000, 0x00000000d7680000, 0x0000000100000000)
  eden space 25600K, 0% used [0x00000000d5580000,0x00000000d5580000,0x00000000d6e80000)
  from space 4096K, 99% used [0x00000000d7280000,0x00000000d767fbe8,0x00000000d7680000)
  to   space 4096K, 0% used [0x00000000d6e80000,0x00000000d6e80000,0x00000000d7280000)
 ParOldGen       total 68608K, used 40K [0x0000000080000000, 0x0000000084300000, 0x00000000d5580000)
  object space 68608K, 0% used [0x0000000080000000,0x000000008000a000,0x0000000084300000)
 Metaspace       used 8347K, committed 8640K, reserved 1114112K
  class space    used 886K, committed 1024K, reserved 1048576K
}
Event: 21.329 GC heap before
{Heap before GC invocations=3 (full 0):
 PSYoungGen      total 29696K, used 29694K [0x00000000d5580000, 0x00000000d7680000, 0x0000000100000000)
  eden space 25600K, 100% used [0x00000000d5580000,0x00000000d6e80000,0x00000000d6e80000)
  from space 4096K, 99% used [0x00000000d7280000,0x00000000d767fbe8,0x00000000d7680000)
  to   space 4096K, 0% used [0x00000000d6e80000,0x00000000d6e80000,0x00000000d7280000)
 ParOldGen       total 68608K, used 40K [0x0000000080000000, 0x0000000084300000, 0x00000000d5580000)
  object space 68608K, 0% used [0x0000000080000000,0x000000008000a000,0x0000000084300000)
 Metaspace       used 9207K, committed 9600K, reserved 1114112K
  class space    used 963K, committed 1152K, reserved 1048576K
}
Event: 21.343 GC heap after
{Heap after GC invocations=3 (full 0):
 PSYoungGen      total 29696K, used 4065K [0x00000000d5580000, 0x00000000d7680000, 0x0000000100000000)
  eden space 25600K, 0% used [0x00000000d5580000,0x00000000d5580000,0x00000000d6e80000)
  from space 4096K, 99% used [0x00000000d6e80000,0x00000000d7278458,0x00000000d7280000)
  to   space 4096K, 0% used [0x00000000d7280000,0x00000000d7280000,0x00000000d7680000)
 ParOldGen       total 68608K, used 3035K [0x0000000080000000, 0x0000000084300000, 0x00000000d5580000)
  object space 68608K, 4% used [0x0000000080000000,0x00000000802f6f68,0x0000000084300000)
 Metaspace       used 9207K, committed 9600K, reserved 1114112K
  class space    used 963K, committed 1152K, reserved 1048576K
}
Event: 22.667 GC heap before
{Heap before GC invocations=4 (full 0):
 PSYoungGen      total 29696K, used 29665K [0x00000000d5580000, 0x00000000d7680000, 0x0000000100000000)
  eden space 25600K, 100% used [0x00000000d5580000,0x00000000d6e80000,0x00000000d6e80000)
  from space 4096K, 99% used [0x00000000d6e80000,0x00000000d7278458,0x00000000d7280000)
  to   space 4096K, 0% used [0x00000000d7280000,0x00000000d7280000,0x00000000d7680000)
 ParOldGen       total 68608K, used 3035K [0x0000000080000000, 0x0000000084300000, 0x00000000d5580000)
  object space 68608K, 4% used [0x0000000080000000,0x00000000802f6f68,0x0000000084300000)
 Metaspace       used 13468K, committed 13952K, reserved 1114112K
  class space    used 1396K, committed 1600K, reserved 1048576K
}
Event: 22.675 GC heap after
{Heap after GC invocations=4 (full 0):
 PSYoungGen      total 29696K, used 4067K [0x00000000d5580000, 0x00000000d7680000, 0x0000000100000000)
  eden space 25600K, 0% used [0x00000000d5580000,0x00000000d5580000,0x00000000d6e80000)
  from space 4096K, 99% used [0x00000000d7280000,0x00000000d7678c48,0x00000000d7680000)
  to   space 4096K, 0% used [0x00000000d6e80000,0x00000000d6e80000,0x00000000d7280000)
 ParOldGen       total 68608K, used 4641K [0x0000000080000000, 0x0000000084300000, 0x00000000d5580000)
  object space 68608K, 6% used [0x0000000080000000,0x00000000804887a0,0x0000000084300000)
 Metaspace       used 13468K, committed 13952K, reserved 1114112K
  class space    used 1396K, committed 1600K, reserved 1048576K
}
Event: 23.813 GC heap before
{Heap before GC invocations=5 (full 0):
 PSYoungGen      total 29696K, used 29667K [0x00000000d5580000, 0x00000000d7680000, 0x0000000100000000)
  eden space 25600K, 100% used [0x00000000d5580000,0x00000000d6e80000,0x00000000d6e80000)
  from space 4096K, 99% used [0x00000000d7280000,0x00000000d7678c48,0x00000000d7680000)
  to   space 4096K, 0% used [0x00000000d6e80000,0x00000000d6e80000,0x00000000d7280000)
 ParOldGen       total 68608K, used 4641K [0x0000000080000000, 0x0000000084300000, 0x00000000d5580000)
  object space 68608K, 6% used [0x0000000080000000,0x00000000804887a0,0x0000000084300000)
 Metaspace       used 17651K, committed 18304K, reserved 1114112K
  class space    used 1825K, committed 2112K, reserved 1048576K
}
Event: 23.821 GC heap after
{Heap after GC invocations=5 (full 0):
 PSYoungGen      total 29184K, used 4064K [0x00000000d5580000, 0x00000000d7a00000, 0x0000000100000000)
  eden space 25088K, 0% used [0x00000000d5580000,0x00000000d5580000,0x00000000d6e00000)
  from space 4096K, 99% used [0x00000000d6e80000,0x00000000d7278200,0x00000000d7280000)
  to   space 6144K, 0% used [0x00000000d7400000,0x00000000d7400000,0x00000000d7a00000)
 ParOldGen       total 68608K, used 6206K [0x0000000080000000, 0x0000000084300000, 0x00000000d5580000)
  object space 68608K, 9% used [0x0000000080000000,0x000000008060fa90,0x0000000084300000)
 Metaspace       used 17651K, committed 18304K, reserved 1114112K
  class space    used 1825K, committed 2112K, reserved 1048576K
}
Event: 24.363 GC heap before
{Heap before GC invocations=6 (full 0):
 PSYoungGen      total 29184K, used 29152K [0x00000000d5580000, 0x00000000d7a00000, 0x0000000100000000)
  eden space 25088K, 100% used [0x00000000d5580000,0x00000000d6e00000,0x00000000d6e00000)
  from space 4096K, 99% used [0x00000000d6e80000,0x00000000d7278200,0x00000000d7280000)
  to   space 6144K, 0% used [0x00000000d7400000,0x00000000d7400000,0x00000000d7a00000)
 ParOldGen       total 68608K, used 6206K [0x0000000080000000, 0x0000000084300000, 0x00000000d5580000)
  object space 68608K, 9% used [0x0000000080000000,0x000000008060fa90,0x0000000084300000)
 Metaspace       used 20764K, committed 21504K, reserved 1114112K
  class space    used 2049K, committed 2368K, reserved 1048576K
}
Event: 24.369 GC heap after
{Heap after GC invocations=6 (full 0):
 PSYoungGen      total 29184K, used 4458K [0x00000000d5580000, 0x00000000d7880000, 0x0000000100000000)
  eden space 24576K, 0% used [0x00000000d5580000,0x00000000d5580000,0x00000000d6d80000)
  from space 4608K, 96% used [0x00000000d7400000,0x00000000d785aaa8,0x00000000d7880000)
  to   space 5120K, 0% used [0x00000000d6e80000,0x00000000d6e80000,0x00000000d7380000)
 ParOldGen       total 68608K, used 6214K [0x0000000080000000, 0x0000000084300000, 0x00000000d5580000)
  object space 68608K, 9% used [0x0000000080000000,0x0000000080611a90,0x0000000084300000)
 Metaspace       used 20764K, committed 21504K, reserved 1114112K
  class space    used 2049K, committed 2368K, reserved 1048576K
}
Event: 24.375 GC heap before
{Heap before GC invocations=7 (full 0):
 PSYoungGen      total 29184K, used 5028K [0x00000000d5580000, 0x00000000d7880000, 0x0000000100000000)
  eden space 24576K, 2% used [0x00000000d5580000,0x00000000d560e828,0x00000000d6d80000)
  from space 4608K, 96% used [0x00000000d7400000,0x00000000d785aaa8,0x00000000d7880000)
  to   space 5120K, 0% used [0x00000000d6e80000,0x00000000d6e80000,0x00000000d7380000)
 ParOldGen       total 68608K, used 6214K [0x0000000080000000, 0x0000000084300000, 0x00000000d5580000)
  object space 68608K, 9% used [0x0000000080000000,0x0000000080611a90,0x0000000084300000)
 Metaspace       used 20819K, committed 21504K, reserved 1114112K
  class space    used 2051K, committed 2368K, reserved 1048576K
}
Event: 24.381 GC heap after
{Heap after GC invocations=7 (full 0):
 PSYoungGen      total 28160K, used 3291K [0x00000000d5580000, 0x00000000d7580000, 0x0000000100000000)
  eden space 24576K, 0% used [0x00000000d5580000,0x00000000d5580000,0x00000000d6d80000)
  from space 3584K, 91% used [0x00000000d6e80000,0x00000000d71b6c68,0x00000000d7200000)
  to   space 3584K, 0% used [0x00000000d7200000,0x00000000d7200000,0x00000000d7580000)
 ParOldGen       total 68608K, used 7348K [0x0000000080000000, 0x0000000084300000, 0x00000000d5580000)
  object space 68608K, 10% used [0x0000000080000000,0x000000008072d150,0x0000000084300000)
 Metaspace       used 20819K, committed 21504K, reserved 1114112K
  class space    used 2051K, committed 2368K, reserved 1048576K
}
Event: 24.382 GC heap before
{Heap before GC invocations=8 (full 1):
 PSYoungGen      total 28160K, used 3291K [0x00000000d5580000, 0x00000000d7580000, 0x0000000100000000)
  eden space 24576K, 0% used [0x00000000d5580000,0x00000000d5580000,0x00000000d6d80000)
  from space 3584K, 91% used [0x00000000d6e80000,0x00000000d71b6c68,0x00000000d7200000)
  to   space 3584K, 0% used [0x00000000d7200000,0x00000000d7200000,0x00000000d7580000)
 ParOldGen       total 68608K, used 7348K [0x0000000080000000, 0x0000000084300000, 0x00000000d5580000)
  object space 68608K, 10% used [0x0000000080000000,0x000000008072d150,0x0000000084300000)
 Metaspace       used 20819K, committed 21504K, reserved 1114112K
  class space    used 2051K, committed 2368K, reserved 1048576K
}

Dll operation events (10 events):
Event: 0.099 Loaded shared library c:\Users\OORNEE MITRA\.vscode\extensions\redhat.java-1.47.0-win32-x64\jre\21.0.8-win32-x86_64\bin\java.dll
Event: 0.317 Loaded shared library c:\Users\OORNEE MITRA\.vscode\extensions\redhat.java-1.47.0-win32-x64\jre\21.0.8-win32-x86_64\bin\zip.dll
Event: 0.386 Loaded shared library C:\Users\OORNEE MITRA\.vscode\extensions\redhat.java-1.47.0-win32-x64\jre\21.0.8-win32-x86_64\bin\instrument.dll
Event: 0.421 Loaded shared library C:\Users\OORNEE MITRA\.vscode\extensions\redhat.java-1.47.0-win32-x64\jre\21.0.8-win32-x86_64\bin\net.dll
Event: 0.447 Loaded shared library C:\Users\OORNEE MITRA\.vscode\extensions\redhat.java-1.47.0-win32-x64\jre\21.0.8-win32-x86_64\bin\nio.dll
Event: 0.458 Loaded shared library C:\Users\OORNEE MITRA\.vscode\extensions\redhat.java-1.47.0-win32-x64\jre\21.0.8-win32-x86_64\bin\zip.dll
Event: 0.510 Loaded shared library C:\Users\OORNEE MITRA\.vscode\extensions\redhat.java-1.47.0-win32-x64\jre\21.0.8-win32-x86_64\bin\jimage.dll
Event: 0.788 Loaded shared library c:\Users\OORNEE MITRA\.vscode\extensions\redhat.java-1.47.0-win32-x64\jre\21.0.8-win32-x86_64\bin\verify.dll
Event: 20.757 Loaded shared library C:\Users\OORNEE MITRA\AppData\Roaming\Code\User\globalStorage\redhat.java\1.47.0\config_ss_win\org.eclipse.equinox.launcher\org.eclipse.equinox.launcher.win32.win32.x86_64_1.2.1400.v20250801-0854\eclipse_11916.dll
Event: 23.524 Loaded shared library C:\Users\OORNEE MITRA\AppData\Local\Temp\jna-998173443\jna13201775146767978768.dll

Deoptimization events (20 events):
Event: 23.775 Thread 0x000001b492cac9e0 Uncommon trap: trap_request=0xffffff45 fr.pc=0x000001b443e02c70 relative=0x0000000000001010
Event: 23.775 Thread 0x000001b492cac9e0 Uncommon trap: reason=unstable_if action=reinterpret pc=0x000001b443e02c70 method=jdk.internal.org.objectweb.asm.Frame.execute(IILjdk/internal/org/objectweb/asm/Symbol;Ljdk/internal/org/objectweb/asm/SymbolTable;)V @ 1 c2
Event: 23.775 Thread 0x000001b492cac9e0 DEOPT PACKING pc=0x000001b443e02c70 sp=0x00000080e3df7cc0
Event: 23.775 Thread 0x000001b492cac9e0 DEOPT UNPACKING pc=0x000001b443773aa2 sp=0x00000080e3df7c48 mode 2
Event: 23.824 Thread 0x000001b492cac9e0 Uncommon trap: trap_request=0xffffffde fr.pc=0x000001b443df7294 relative=0x00000000000003b4
Event: 23.824 Thread 0x000001b492cac9e0 Uncommon trap: reason=class_check action=maybe_recompile pc=0x000001b443df7294 method=java.util.regex.Pattern$BmpCharPropertyGreedy.match(Ljava/util/regex/Matcher;ILjava/lang/CharSequence;)Z @ 70 c2
Event: 23.824 Thread 0x000001b492cac9e0 DEOPT PACKING pc=0x000001b443df7294 sp=0x00000080e3def360
Event: 23.824 Thread 0x000001b492cac9e0 DEOPT UNPACKING pc=0x000001b443773aa2 sp=0x00000080e3def308 mode 2
Event: 23.824 Thread 0x000001b492cac9e0 Uncommon trap: trap_request=0xffffffde fr.pc=0x000001b443df7294 relative=0x00000000000003b4
Event: 23.824 Thread 0x000001b492cac9e0 Uncommon trap: reason=class_check action=maybe_recompile pc=0x000001b443df7294 method=java.util.regex.Pattern$BmpCharPropertyGreedy.match(Ljava/util/regex/Matcher;ILjava/lang/CharSequence;)Z @ 70 c2
Event: 23.824 Thread 0x000001b492cac9e0 DEOPT PACKING pc=0x000001b443df7294 sp=0x00000080e3def1b0
Event: 23.824 Thread 0x000001b492cac9e0 DEOPT UNPACKING pc=0x000001b443773aa2 sp=0x00000080e3def158 mode 2
Event: 23.824 Thread 0x000001b492cac9e0 Uncommon trap: trap_request=0xffffffde fr.pc=0x000001b443df7294 relative=0x00000000000003b4
Event: 23.824 Thread 0x000001b492cac9e0 Uncommon trap: reason=class_check action=maybe_recompile pc=0x000001b443df7294 method=java.util.regex.Pattern$BmpCharPropertyGreedy.match(Ljava/util/regex/Matcher;ILjava/lang/CharSequence;)Z @ 70 c2
Event: 23.824 Thread 0x000001b492cac9e0 DEOPT PACKING pc=0x000001b443df7294 sp=0x00000080e3def370
Event: 23.824 Thread 0x000001b492cac9e0 DEOPT UNPACKING pc=0x000001b443773aa2 sp=0x00000080e3def318 mode 2
Event: 23.824 Thread 0x000001b492cac9e0 Uncommon trap: trap_request=0xffffffde fr.pc=0x000001b443df7294 relative=0x00000000000003b4
Event: 23.824 Thread 0x000001b492cac9e0 Uncommon trap: reason=class_check action=maybe_recompile pc=0x000001b443df7294 method=java.util.regex.Pattern$BmpCharPropertyGreedy.match(Ljava/util/regex/Matcher;ILjava/lang/CharSequence;)Z @ 70 c2
Event: 23.824 Thread 0x000001b492cac9e0 DEOPT PACKING pc=0x000001b443df7294 sp=0x00000080e3def1c0
Event: 23.824 Thread 0x000001b492cac9e0 DEOPT UNPACKING pc=0x000001b443773aa2 sp=0x00000080e3def168 mode 2

Classes loaded (20 events):
Event: 23.829 Loading class java/io/StringReader
Event: 23.829 Loading class java/io/StringReader done
Event: 23.859 Loading class java/util/zip/GZIPInputStream
Event: 23.859 Loading class java/util/zip/GZIPInputStream done
Event: 23.869 Loading class java/net/SocketTimeoutException
Event: 23.869 Loading class java/io/InterruptedIOException
Event: 23.869 Loading class java/io/InterruptedIOException done
Event: 23.869 Loading class java/net/SocketTimeoutException done
Event: 23.870 Loading class java/net/SocketException
Event: 23.870 Loading class java/net/SocketException done
Event: 23.870 Loading class java/net/UnknownHostException
Event: 23.870 Loading class java/net/UnknownHostException done
Event: 23.870 Loading class java/net/ProtocolException
Event: 23.870 Loading class java/net/ProtocolException done
Event: 23.912 Loading class java/lang/ThreadLocal$SuppliedThreadLocal
Event: 23.912 Loading class java/lang/ThreadLocal$SuppliedThreadLocal done
Event: 23.936 Loading class java/io/FileWriter
Event: 23.936 Loading class java/io/FileWriter done
Event: 23.937 Loading class java/lang/NegativeArraySizeException
Event: 23.937 Loading class java/lang/NegativeArraySizeException done

Classes unloaded (0 events):
No events

Classes redefined (0 events):
No events

Internal exceptions (20 events):
Event: 23.561 Thread 0x000001b492cac9e0 Exception <a 'java/lang/NoSuchMethodError'{0x00000000d67818e0}: 'void java.lang.invoke.DirectMethodHandle$Holder.invokeSpecial(java.lang.Object, java.lang.Object, java.lang.Object, int)'> (0x00000000d67818e0) 
thrown [s\src\hotspot\share\interpreter\linkResolver.cpp, line 773]
Event: 23.562 Thread 0x000001b492cac9e0 Exception <a 'java/lang/NoSuchMethodError'{0x00000000d6785270}: 'void java.lang.invoke.DelegatingMethodHandle$Holder.reinvoke_L(java.lang.Object, java.lang.Object, int)'> (0x00000000d6785270) 
thrown [s\src\hotspot\share\interpreter\linkResolver.cpp, line 773]
Event: 23.562 Thread 0x000001b492cac9e0 Exception <a 'java/lang/NoSuchMethodError'{0x00000000d678bf58}: 'int java.lang.invoke.Invokers$Holder.invokeExact_MT(java.lang.Object, java.lang.Object, java.lang.Object)'> (0x00000000d678bf58) 
thrown [s\src\hotspot\share\interpreter\linkResolver.cpp, line 773]
Event: 23.594 Thread 0x000001b492cac9e0 Exception <a 'java/lang/NoSuchMethodError'{0x00000000d688e328}: 'void java.lang.invoke.Invokers$Holder.invokeExact_MT(java.lang.Object, java.lang.Object, int, java.lang.Object)'> (0x00000000d688e328) 
thrown [s\src\hotspot\share\interpreter\linkResolver.cpp, line 773]
Event: 23.638 Thread 0x000001b492cac9e0 Exception <a 'java/lang/NoSuchMethodError'{0x00000000d698c590}: 'java.lang.Object java.lang.invoke.DirectMethodHandle$Holder.invokeSpecial(java.lang.Object, java.lang.Object, java.lang.Object, long, java.lang.Object)'> (0x00000000d698c590) 
thrown [s\src\hotspot\share\interpreter\linkResolver.cpp, line 773]
Event: 23.639 Thread 0x000001b492cac9e0 Exception <a 'java/lang/NoSuchMethodError'{0x00000000d6993dd8}: 'java.lang.Object java.lang.invoke.DirectMethodHandle$Holder.newInvokeSpecial(java.lang.Object, java.lang.Object, java.lang.Object, long)'> (0x00000000d6993dd8) 
thrown [s\src\hotspot\share\interpreter\linkResolver.cpp, line 773]
Event: 23.640 Thread 0x000001b492cac9e0 Exception <a 'java/lang/NoSuchMethodError'{0x00000000d69981c8}: 'java.lang.Object java.lang.invoke.DirectMethodHandle$Holder.invokeSpecial(java.lang.Object, java.lang.Object, java.lang.Object, java.lang.Object, long)'> (0x00000000d69981c8) 
thrown [s\src\hotspot\share\interpreter\linkResolver.cpp, line 773]
Event: 23.640 Thread 0x000001b492cac9e0 Exception <a 'java/lang/NoSuchMethodError'{0x00000000d699bde8}: 'java.lang.Object java.lang.invoke.Invokers$Holder.linkToTargetMethod(java.lang.Object, java.lang.Object, long, java.lang.Object)'> (0x00000000d699bde8) 
thrown [s\src\hotspot\share\interpreter\linkResolver.cpp, line 773]
Event: 23.655 Thread 0x000001b492cac9e0 Exception <a 'java/lang/NoSuchMethodError'{0x00000000d6a036b8}: 'int java.lang.invoke.DirectMethodHandle$Holder.invokeStaticInit(java.lang.Object, java.lang.Object, java.lang.Object)'> (0x00000000d6a036b8) 
thrown [s\src\hotspot\share\interpreter\linkResolver.cpp, line 773]
Event: 23.674 Thread 0x000001b492cac9e0 Exception <a 'java/lang/IncompatibleClassChangeError'{0x00000000d6a84ae0}: Found class java.lang.Object, but interface was expected> (0x00000000d6a84ae0) 
thrown [s\src\hotspot\share\interpreter\linkResolver.cpp, line 840]
Event: 23.683 Thread 0x000001b492cac9e0 Exception <a 'java/lang/NoSuchMethodError'{0x00000000d6a981d0}: 'java.lang.Object java.lang.invoke.DirectMethodHandle$Holder.invokeSpecial(java.lang.Object, java.lang.Object, java.lang.Object, int, java.lang.Object, java.lang.Object)'> (0x00000000d6a981d0) 
thrown [s\src\hotspot\share\interpreter\linkResolver.cpp, line 773]
Event: 23.684 Thread 0x000001b492cac9e0 Exception <a 'java/lang/NoSuchMethodError'{0x00000000d6a9fca8}: 'java.lang.Object java.lang.invoke.DirectMethodHandle$Holder.newInvokeSpecial(java.lang.Object, java.lang.Object, java.lang.Object, int, java.lang.Object)'> (0x00000000d6a9fca8) 
thrown [s\src\hotspot\share\interpreter\linkResolver.cpp, line 773]
Event: 23.685 Thread 0x000001b492cac9e0 Exception <a 'java/lang/NoSuchMethodError'{0x00000000d6aa3eb0}: 'java.lang.Object java.lang.invoke.DirectMethodHandle$Holder.invokeSpecial(java.lang.Object, java.lang.Object, java.lang.Object, java.lang.Object, int, java.lang.Object)'> (0x00000000d6aa3eb0) 
thrown [s\src\hotspot\share\interpreter\linkResolver.cpp, line 773]
Event: 23.685 Thread 0x000001b492cac9e0 Exception <a 'java/lang/NoSuchMethodError'{0x00000000d6aa79f0}: 'java.lang.Object java.lang.invoke.Invokers$Holder.linkToTargetMethod(java.lang.Object, java.lang.Object, int, java.lang.Object, java.lang.Object)'> (0x00000000d6aa79f0) 
thrown [s\src\hotspot\share\interpreter\linkResolver.cpp, line 773]
Event: 23.686 Thread 0x000001b4972d02e0 Exception <a 'java/lang/NoSuchMethodError'{0x00000000d69e3fa8}: 'java.lang.Object java.lang.invoke.DirectMethodHandle$Holder.invokeSpecial(java.lang.Object, java.lang.Object, int, java.lang.Object, java.lang.Object)'> (0x00000000d69e3fa8) 
thrown [s\src\hotspot\share\interpreter\linkResolver.cpp, line 773]
Event: 23.687 Thread 0x000001b4972d02e0 Exception <a 'java/lang/NoSuchMethodError'{0x00000000d69eace0}: 'java.lang.Object java.lang.invoke.DirectMethodHandle$Holder.newInvokeSpecial(java.lang.Object, java.lang.Object, int, java.lang.Object)'> (0x00000000d69eace0) 
thrown [s\src\hotspot\share\interpreter\linkResolver.cpp, line 773]
Event: 23.688 Thread 0x000001b4972d02e0 Exception <a 'java/lang/NoSuchMethodError'{0x00000000d69ee600}: 'java.lang.Object java.lang.invoke.DirectMethodHandle$Holder.invokeSpecial(java.lang.Object, java.lang.Object, java.lang.Object, int, java.lang.Object)'> (0x00000000d69ee600) 
thrown [s\src\hotspot\share\interpreter\linkResolver.cpp, line 773]
Event: 23.713 Thread 0x000001b492cac9e0 Exception <a 'java/lang/NoSuchMethodError'{0x00000000d6bafa38}: 'void java.lang.invoke.DirectMethodHandle$Holder.invokeSpecial(java.lang.Object, java.lang.Object, java.lang.Object, java.lang.Object, java.lang.Object)'> (0x00000000d6bafa38) 
thrown [s\src\hotspot\share\interpreter\linkResolver.cpp, line 773]
Event: 23.775 Thread 0x000001b492cac9e0 Exception <a 'java/lang/NoSuchMethodError'{0x00000000d6d7e680}: 'double java.lang.invoke.DirectMethodHandle$Holder.invokeStatic(java.lang.Object, java.lang.Object)'> (0x00000000d6d7e680) 
thrown [s\src\hotspot\share\interpreter\linkResolver.cpp, line 773]
Event: 23.776 Thread 0x000001b492cac9e0 Exception <a 'java/lang/NoSuchMethodError'{0x00000000d6d81d40}: 'double java.lang.invoke.DirectMethodHandle$Holder.invokeStaticInit(java.lang.Object, java.lang.Object)'> (0x00000000d6d81d40) 
thrown [s\src\hotspot\share\interpreter\linkResolver.cpp, line 773]

ZGC Phase Switch (0 events):
No events

VM Operations (20 events):
Event: 22.675 Executing VM operation: ParallelGCFailedAllocation (Allocation Failure) done
Event: 22.929 Executing VM operation: HandshakeAllThreads (Deoptimize)
Event: 22.929 Executing VM operation: HandshakeAllThreads (Deoptimize) done
Event: 22.935 Executing VM operation: HandshakeAllThreads (Deoptimize)
Event: 22.936 Executing VM operation: HandshakeAllThreads (Deoptimize) done
Event: 22.961 Executing VM operation: HandshakeAllThreads (Deoptimize)
Event: 22.961 Executing VM operation: HandshakeAllThreads (Deoptimize) done
Event: 22.997 Executing VM operation: HandshakeAllThreads (Deoptimize)
Event: 22.997 Executing VM operation: HandshakeAllThreads (Deoptimize) done
Event: 23.188 Executing VM operation: HandshakeAllThreads (Deoptimize)
Event: 23.188 Executing VM operation: HandshakeAllThreads (Deoptimize) done
Event: 23.307 Executing VM operation: HandshakeAllThreads (Deoptimize)
Event: 23.307 Executing VM operation: HandshakeAllThreads (Deoptimize) done
Event: 23.537 Executing VM operation: HandshakeAllThreads (Deoptimize)
Event: 23.538 Executing VM operation: HandshakeAllThreads (Deoptimize) done
Event: 23.812 Executing VM operation: ParallelGCFailedAllocation (Allocation Failure)
Event: 23.821 Executing VM operation: ParallelGCFailedAllocation (Allocation Failure) done
Event: 24.363 Executing VM operation: ParallelGCFailedAllocation (Allocation Failure)
Event: 24.369 Executing VM operation: ParallelGCFailedAllocation (Allocation Failure) done
Event: 24.375 Executing VM operation: CollectForMetadataAllocation (Metadata GC Threshold)

Memory protections (0 events):
No events

Nmethod flushes (0 events):
No events

Events (20 events):
Event: 20.492 Thread 0x000001b4972ad180 Thread added: 0x000001b4972cef30
Event: 20.493 Thread 0x000001b4972ad180 Thread added: 0x000001b4972cfc50
Event: 20.493 Thread 0x000001b4972ad180 Thread added: 0x000001b4972ce8a0
Event: 20.493 Thread 0x000001b4972ad180 Thread added: 0x000001b4972cf5c0
Event: 20.757 Thread 0x000001b438f9b4e0 Thread exited: 0x000001b438f9b4e0
Event: 20.780 Thread 0x000001b438f992d0 Thread added: 0x000001b438f9ae10
Event: 20.780 Thread 0x000001b438f992d0 Thread added: 0x000001b438f9b4e0
Event: 21.356 Thread 0x000001b438f9b4e0 Thread exited: 0x000001b438f9b4e0
Event: 21.385 Thread 0x000001b438f9ae10 Thread exited: 0x000001b438f9ae10
Event: 21.651 Thread 0x000001b492cac9e0 Thread added: 0x000001b4972d0970
Event: 21.946 Thread 0x000001b438f992d0 Thread added: 0x000001b438f9ae10
Event: 22.230 Thread 0x000001b438f9ae10 Thread exited: 0x000001b438f9ae10
Event: 22.652 Thread 0x000001b492cac9e0 Thread added: 0x000001b4972d1d20
Event: 22.984 Thread 0x000001b438f992d0 Thread added: 0x000001b438f999a0
Event: 23.532 Thread 0x000001b438f999a0 Thread exited: 0x000001b438f999a0
Event: 23.576 Thread 0x000001b492cac9e0 Thread added: 0x000001b4972d1690
Event: 23.645 Thread 0x000001b492cac9e0 Thread added: 0x000001b4972d02e0
Event: 23.687 Thread 0x000001b492cac9e0 Thread added: 0x000001b4972d1000
Event: 23.840 Thread 0x000001b438f992d0 Thread added: 0x000001b438f98c00
Event: 24.036 Thread 0x000001b438f992d0 Thread added: 0x000001b438f9b4e0


Dynamic libraries:
0x00007ff646fa0000 - 0x00007ff646fae000 	c:\Users\OORNEE MITRA\.vscode\extensions\redhat.java-1.47.0-win32-x64\jre\21.0.8-win32-x86_64\bin\java.exe
0x00007ff98cd00000 - 0x00007ff98cf63000 	C:\WINDOWS\SYSTEM32\ntdll.dll
0x00007ff98b3a0000 - 0x00007ff98b467000 	C:\WINDOWS\System32\KERNEL32.DLL
0x00007ff98a0a0000 - 0x00007ff98a467000 	C:\WINDOWS\System32\KERNELBASE.dll
0x00007ff9863d0000 - 0x00007ff98646c000 	C:\WINDOWS\SYSTEM32\apphelp.dll
0x00007ff98a710000 - 0x00007ff98a85c000 	C:\WINDOWS\System32\ucrtbase.dll
0x00007ff95d740000 - 0x00007ff95d758000 	c:\Users\OORNEE MITRA\.vscode\extensions\redhat.java-1.47.0-win32-x64\jre\21.0.8-win32-x86_64\bin\jli.dll
0x00007ff96df30000 - 0x00007ff96df4e000 	c:\Users\OORNEE MITRA\.vscode\extensions\redhat.java-1.47.0-win32-x64\jre\21.0.8-win32-x86_64\bin\VCRUNTIME140.dll
0x00007ff98af10000 - 0x00007ff98b0d9000 	C:\WINDOWS\System32\USER32.dll
0x00007ff98a520000 - 0x00007ff98a547000 	C:\WINDOWS\System32\win32u.dll
0x00007ff989280000 - 0x00007ff989510000 	C:\WINDOWS\WinSxS\amd64_microsoft.windows.common-controls_6595b64144ccf1df_6.0.26100.3037_none_3e09262ce333c378\COMCTL32.dll
0x00007ff98b0e0000 - 0x00007ff98b10a000 	C:\WINDOWS\System32\GDI32.dll
0x00007ff98b2f0000 - 0x00007ff98b399000 	C:\WINDOWS\System32\msvcrt.dll
0x00007ff98a5e0000 - 0x00007ff98a70b000 	C:\WINDOWS\System32\gdi32full.dll
0x00007ff98a470000 - 0x00007ff98a513000 	C:\WINDOWS\System32\msvcp_win.dll
0x00007ff98bcf0000 - 0x00007ff98bd1f000 	C:\WINDOWS\System32\IMM32.DLL
0x00007ff96dd30000 - 0x00007ff96dd3c000 	c:\Users\OORNEE MITRA\.vscode\extensions\redhat.java-1.47.0-win32-x64\jre\21.0.8-win32-x86_64\bin\vcruntime140_1.dll
0x00007ff92e8b0000 - 0x00007ff92e93d000 	c:\Users\OORNEE MITRA\.vscode\extensions\redhat.java-1.47.0-win32-x64\jre\21.0.8-win32-x86_64\bin\msvcp140.dll
0x00007ff8f4bd0000 - 0x00007ff8f5967000 	c:\Users\OORNEE MITRA\.vscode\extensions\redhat.java-1.47.0-win32-x64\jre\21.0.8-win32-x86_64\bin\server\jvm.dll
0x00007ff98c490000 - 0x00007ff98c544000 	C:\WINDOWS\System32\ADVAPI32.dll
0x00007ff98b1c0000 - 0x00007ff98b266000 	C:\WINDOWS\System32\sechost.dll
0x00007ff98bf00000 - 0x00007ff98c016000 	C:\WINDOWS\System32\RPCRT4.dll
0x00007ff98b270000 - 0x00007ff98b2e4000 	C:\WINDOWS\System32\WS2_32.dll
0x00007ff989f30000 - 0x00007ff989f7e000 	C:\WINDOWS\SYSTEM32\POWRPROF.dll
0x00007ff981ce0000 - 0x00007ff981d16000 	C:\WINDOWS\SYSTEM32\WINMM.dll
0x00007ff981dc0000 - 0x00007ff981dcb000 	C:\WINDOWS\SYSTEM32\VERSION.dll
0x00007ff989f10000 - 0x00007ff989f24000 	C:\WINDOWS\SYSTEM32\UMPDC.dll
0x00007ff9885a0000 - 0x00007ff9885ba000 	C:\WINDOWS\SYSTEM32\kernel.appcore.dll
0x00007ff96c530000 - 0x00007ff96c53a000 	c:\Users\OORNEE MITRA\.vscode\extensions\redhat.java-1.47.0-win32-x64\jre\21.0.8-win32-x86_64\bin\jimage.dll
0x00007ff989880000 - 0x00007ff989ac1000 	C:\WINDOWS\SYSTEM32\DBGHELP.DLL
0x00007ff98c100000 - 0x00007ff98c47e000 	C:\WINDOWS\System32\combase.dll
0x00007ff98c020000 - 0x00007ff98c0f6000 	C:\WINDOWS\System32\OLEAUT32.dll
0x00007ff989720000 - 0x00007ff989759000 	C:\WINDOWS\SYSTEM32\dbgcore.DLL
0x00007ff98a9e0000 - 0x00007ff98aa79000 	C:\WINDOWS\System32\bcryptPrimitives.dll
0x00007ff968160000 - 0x00007ff96816f000 	c:\Users\OORNEE MITRA\.vscode\extensions\redhat.java-1.47.0-win32-x64\jre\21.0.8-win32-x86_64\bin\instrument.dll
0x00007ff95c8e0000 - 0x00007ff95c8ff000 	c:\Users\OORNEE MITRA\.vscode\extensions\redhat.java-1.47.0-win32-x64\jre\21.0.8-win32-x86_64\bin\java.dll
0x00007ff98b5e0000 - 0x00007ff98bce4000 	C:\WINDOWS\System32\SHELL32.dll
0x00007ff987350000 - 0x00007ff987b87000 	C:\WINDOWS\SYSTEM32\windows.storage.dll
0x00007ff98cbd0000 - 0x00007ff98ccb9000 	C:\WINDOWS\System32\SHCORE.dll
0x00007ff98ab80000 - 0x00007ff98abdd000 	C:\WINDOWS\System32\shlwapi.dll
0x00007ff989fb0000 - 0x00007ff989fde000 	C:\WINDOWS\SYSTEM32\profapi.dll
0x00007ff95c300000 - 0x00007ff95c318000 	c:\Users\OORNEE MITRA\.vscode\extensions\redhat.java-1.47.0-win32-x64\jre\21.0.8-win32-x86_64\bin\zip.dll
0x00007ff9666d0000 - 0x00007ff9666e0000 	C:\Users\OORNEE MITRA\.vscode\extensions\redhat.java-1.47.0-win32-x64\jre\21.0.8-win32-x86_64\bin\net.dll
0x00007ff982200000 - 0x00007ff98231e000 	C:\WINDOWS\SYSTEM32\WINHTTP.dll
0x00007ff988aa0000 - 0x00007ff988b0a000 	C:\WINDOWS\system32\mswsock.dll
0x00007ff956d20000 - 0x00007ff956d36000 	C:\Users\OORNEE MITRA\.vscode\extensions\redhat.java-1.47.0-win32-x64\jre\21.0.8-win32-x86_64\bin\nio.dll
0x00007ff960b50000 - 0x00007ff960b60000 	c:\Users\OORNEE MITRA\.vscode\extensions\redhat.java-1.47.0-win32-x64\jre\21.0.8-win32-x86_64\bin\verify.dll
0x00007ff9340f0000 - 0x00007ff934134000 	C:\Users\OORNEE MITRA\AppData\Roaming\Code\User\globalStorage\redhat.java\1.47.0\config_ss_win\org.eclipse.equinox.launcher\org.eclipse.equinox.launcher.win32.win32.x86_64_1.2.1400.v20250801-0854\eclipse_11916.dll
0x00007ff98ac30000 - 0x00007ff98adc5000 	C:\WINDOWS\System32\ole32.dll
0x00007ff989bd0000 - 0x00007ff989bec000 	C:\WINDOWS\SYSTEM32\CRYPTSP.dll
0x00007ff9889b0000 - 0x00007ff9889e8000 	C:\WINDOWS\system32\rsaenh.dll
0x00007ff988b40000 - 0x00007ff988b6b000 	C:\WINDOWS\SYSTEM32\USERENV.dll
0x00007ff989830000 - 0x00007ff989856000 	C:\WINDOWS\SYSTEM32\bcrypt.dll
0x00007ff989020000 - 0x00007ff98902c000 	C:\WINDOWS\SYSTEM32\CRYPTBASE.dll
0x00007ff988020000 - 0x00007ff988052000 	C:\WINDOWS\SYSTEM32\IPHLPAPI.DLL
0x00007ff98ab50000 - 0x00007ff98ab5a000 	C:\WINDOWS\System32\NSI.dll
0x00007ff932830000 - 0x00007ff932879000 	C:\Users\OORNEE MITRA\AppData\Local\Temp\jna-998173443\jna13201775146767978768.dll
0x00007ff98ab40000 - 0x00007ff98ab48000 	C:\WINDOWS\System32\PSAPI.DLL

JVMTI agents:
c:\Users\OORNEE MITRA\.vscode\extensions\redhat.java-1.47.0-win32-x64\lombok\lombok-1.18.39-4050.jar path:c:\Users\OORNEE MITRA\.vscode\extensions\redhat.java-1.47.0-win32-x64\jre\21.0.8-win32-x86_64\bin\instrument.dll, loaded, initialized, instrumentlib options:none

dbghelp: loaded successfully - version: 4.0.5 - missing functions: none
symbol engine: initialized successfully - sym options: 0x614 - pdb path: .;c:\Users\OORNEE MITRA\.vscode\extensions\redhat.java-1.47.0-win32-x64\jre\21.0.8-win32-x86_64\bin;C:\WINDOWS\SYSTEM32;C:\WINDOWS\WinSxS\amd64_microsoft.windows.common-controls_6595b64144ccf1df_6.0.26100.3037_none_3e09262ce333c378;c:\Users\OORNEE MITRA\.vscode\extensions\redhat.java-1.47.0-win32-x64\jre\21.0.8-win32-x86_64\bin\server;C:\Users\OORNEE MITRA\AppData\Roaming\Code\User\globalStorage\redhat.java\1.47.0\config_ss_win\org.eclipse.equinox.launcher\org.eclipse.equinox.launcher.win32.win32.x86_64_1.2.1400.v20250801-0854;C:\Users\OORNEE MITRA\AppData\Local\Temp\jna-998173443

VM Arguments:
jvm_args: --add-modules=ALL-SYSTEM --add-opens=java.base/java.util=ALL-UNNAMED --add-opens=java.base/java.lang=ALL-UNNAMED --add-opens=java.base/sun.nio.fs=ALL-UNNAMED -Declipse.application=org.eclipse.jdt.ls.core.id1 -Dosgi.bundles.defaultStartLevel=4 -Declipse.product=org.eclipse.jdt.ls.core.product -Djava.import.generatesMetadataFilesAtProjectRoot=false -DDetectVMInstallationsJob.disabled=true -Dfile.encoding=utf8 -XX:+UseParallelGC -XX:GCTimeRatio=4 -XX:AdaptiveSizePolicyWeight=90 -Dsun.zip.disableMemoryMapping=true -Xmx2G -Xms100m -Xlog:disable -javaagent:c:\Users\OORNEE MITRA\.vscode\extensions\redhat.java-1.47.0-win32-x64\lombok\lombok-1.18.39-4050.jar 
java_command: c:\Users\OORNEE MITRA\.vscode\extensions\redhat.java-1.47.0-win32-x64\server\plugins\org.eclipse.equinox.launcher_1.7.100.v20251014-1222.jar -configuration c:\Users\OORNEE MITRA\AppData\Roaming\Code\User\globalStorage\redhat.java\1.47.0\config_ss_win -data c:\Users\OORNEE MITRA\AppData\Roaming\Code\User\workspaceStorage\2830fa471c012afa282725be1a945859\redhat.java\ss_ws --pipe=\\.\pipe\lsp-bd42a8527851b259b62d038864d4125e-sock
java_class_path (initial): c:\Users\OORNEE MITRA\.vscode\extensions\redhat.java-1.47.0-win32-x64\server\plugins\org.eclipse.equinox.launcher_1.7.100.v20251014-1222.jar
Launcher Type: SUN_STANDARD

[Global flags]
    uintx AdaptiveSizePolicyWeight                 = 90                                        {product} {command line}
     intx CICompilerCount                          = 4                                         {product} {ergonomic}
    uintx GCTimeRatio                              = 4                                         {product} {command line}
   size_t InitialHeapSize                          = 104857600                                 {product} {command line}
   size_t MaxHeapSize                              = 2147483648                                {product} {command line}
   size_t MaxNewSize                               = 715653120                                 {product} {ergonomic}
   size_t MinHeapDeltaBytes                        = 524288                                    {product} {ergonomic}
   size_t MinHeapSize                              = 104857600                                 {product} {command line}
   size_t NewSize                                  = 34603008                                  {product} {ergonomic}
    uintx NonNMethodCodeHeapSize                   = 5839372                                {pd product} {ergonomic}
    uintx NonProfiledCodeHeapSize                  = 122909434                              {pd product} {ergonomic}
   size_t OldSize                                  = 70254592                                  {product} {ergonomic}
    uintx ProfiledCodeHeapSize                     = 122909434                              {pd product} {ergonomic}
    uintx ReservedCodeCacheSize                    = 251658240                              {pd product} {ergonomic}
     bool SegmentedCodeCache                       = true                                      {product} {ergonomic}
   size_t SoftMaxHeapSize                          = 2147483648                             {manageable} {ergonomic}
     bool UseCompressedOops                        = true                           {product lp64_product} {ergonomic}
     bool UseLargePagesIndividualAllocation        = false                                  {pd product} {ergonomic}
     bool UseParallelGC                            = true                                      {product} {command line}

Logging:
Log output configuration:
 #0: stdout all=off uptime,level,tags foldmultilines=false
 #1: stderr all=off uptime,level,tags foldmultilines=false

Environment Variables:
JAVA_HOME=C:\Program Files\Java\jdk-20
PATH=C:\New folder\Scripts\;C:\New folder\;C:\Program Files\Common Files\Oracle\Java\javapath;C:\WINDOWS\system32;C:\WINDOWS;C:\WINDOWS\System32\Wbem;C:\WINDOWS\System32\WindowsPowerShell\v1.0\;C:\WINDOWS\System32\OpenSSH\;C:\Program Files\Java\jdk-20\bin;C:\Program Files\HP\HP One Agent;C:\mingw64\bin;C:\MinGW\bin;C:\Program Files\Git\cmd;C:\Program Files\Git\mingw64\bin;C:\Program Files\Git\usr\bin;C:\ProgramData\chocolatey\bin;C:\WINDOWS\system32;C:\WINDOWS;C:\WINDOWS\System32\Wbem;C:\WINDOWS\System32\WindowsPowerShell\v1.0\;C:\WINDOWS\System32\OpenSSH\;C:\Program Files\nodejs\;C:\Program Files\Java\jdk-24\bin;C:\Users\OORNEE MITRA\AppData\Local\Microsoft\WindowsApps;C:\Program Files\JetBrains\PyCharm Community Edition 2023.3.4\bin;;C:\MinGW\bin;C:\Users\OORNEE MITRA\AppData\Local\GitHubDesktop\bin;C:\Users\OORNEE MITRA\AppData\Local\Programs\Microsoft VS Code\bin;C:\Users\OORNEE MITRA\AppData\Roaming\npm
USERNAME=OORNEE MITRA
OS=Windows_NT
PROCESSOR_IDENTIFIER=AMD64 Family 23 Model 24 Stepping 1, AuthenticAMD
TMP=C:\Users\OORNEE~1\AppData\Local\Temp
TEMP=C:\Users\OORNEE~1\AppData\Local\Temp




Periodic native trim disabled

---------------  S Y S T E M  ---------------

OS:
 Windows 11 , 64 bit Build 26100 (10.0.26100.3037)
OS uptime: 2 days 3:20 hours

CPU: total 8 (initial active 8) (8 cores per cpu, 2 threads per core) family 23 model 24 stepping 1 microcode 0x8108109, cx8, cmov, fxsr, ht, mmx, 3dnowpref, sse, sse2, sse3, ssse3, sse4a, sse4.1, sse4.2, popcnt, lzcnt, tsc, tscinvbit, avx, avx2, aes, clmul, bmi1, bmi2, adx, sha, fma, vzeroupper, clflush, clflushopt, rdtscp, f16c
Processor Information for the first 8 processors :
  Max Mhz: 2100, Current Mhz: 2100, Mhz Limit: 2100

Memory: 4k page, system-wide physical 6055M (943M free)
TotalPageFile size 17831M (AvailPageFile size 4522M)
current process WorkingSet (physical memory assigned to process): 145M, peak: 149M
current process commit charge ("private bytes"): 280M, peak: 286M

vm_info: OpenJDK 64-Bit Server VM (21.0.8+9-LTS) for windows-amd64 JRE (21.0.8+9-LTS), built on 2025-07-15T00:00:00Z by "admin" with MS VC++ 17.7 (VS2022)

END.
